mode: atomic
github.com/jexia/semaphore/pkg/checks/checks.go:21.84,26.38 3 7
github.com/jexia/semaphore/pkg/checks/checks.go:38.2,38.39 1 2
github.com/jexia/semaphore/pkg/checks/checks.go:50.2,50.12 1 0
github.com/jexia/semaphore/pkg/checks/checks.go:26.38,28.16 2 6
github.com/jexia/semaphore/pkg/checks/checks.go:32.3,33.17 2 5
github.com/jexia/semaphore/pkg/checks/checks.go:28.16,30.4 1 1
github.com/jexia/semaphore/pkg/checks/checks.go:33.17,35.4 1 4
github.com/jexia/semaphore/pkg/checks/checks.go:38.39,40.16 2 3
github.com/jexia/semaphore/pkg/checks/checks.go:44.3,45.17 2 2
github.com/jexia/semaphore/pkg/checks/checks.go:40.16,42.4 1 1
github.com/jexia/semaphore/pkg/checks/checks.go:45.17,47.4 1 1
github.com/jexia/semaphore/pkg/checks/checks.go:54.83,59.29 3 8
github.com/jexia/semaphore/pkg/checks/checks.go:74.2,74.12 1 2
github.com/jexia/semaphore/pkg/checks/checks.go:59.29,61.16 2 9
github.com/jexia/semaphore/pkg/checks/checks.go:65.3,65.40 1 6
github.com/jexia/semaphore/pkg/checks/checks.go:61.16,63.4 1 3
github.com/jexia/semaphore/pkg/checks/checks.go:65.40,66.22 1 15
github.com/jexia/semaphore/pkg/checks/checks.go:70.4,70.97 1 3
github.com/jexia/semaphore/pkg/checks/checks.go:66.22,67.13 1 12
github.com/jexia/semaphore/pkg/conditions/conditions.go:17.89,20.16 3 6
github.com/jexia/semaphore/pkg/conditions/conditions.go:24.2,28.40 2 4
github.com/jexia/semaphore/pkg/conditions/conditions.go:37.2,43.20 2 3
github.com/jexia/semaphore/pkg/conditions/conditions.go:20.16,22.3 1 2
github.com/jexia/semaphore/pkg/conditions/conditions.go:28.40,30.17 2 8
github.com/jexia/semaphore/pkg/conditions/conditions.go:34.3,34.28 1 7
github.com/jexia/semaphore/pkg/conditions/conditions.go:30.17,32.4 1 1
github.com/jexia/semaphore/pkg/core/trace/trace.go:20.32,22.30 2 4
github.com/jexia/semaphore/pkg/core/trace/trace.go:26.2,26.25 1 4
github.com/jexia/semaphore/pkg/core/trace/trace.go:30.2,33.55 3 2
github.com/jexia/semaphore/pkg/core/trace/trace.go:22.30,24.3 1 5
github.com/jexia/semaphore/pkg/core/trace/trace.go:26.25,28.3 1 2
github.com/jexia/semaphore/pkg/core/trace/trace.go:37.49,38.32 1 2
github.com/jexia/semaphore/pkg/core/trace/trace.go:38.32,40.3 1 2
github.com/jexia/semaphore/pkg/core/trace/trace.go:44.63,45.32 1 3
github.com/jexia/semaphore/pkg/core/trace/trace.go:45.32,47.3 1 3
github.com/jexia/semaphore/pkg/dependencies/dependencies.go:11.81,14.38 2 1
github.com/jexia/semaphore/pkg/dependencies/dependencies.go:23.2,23.39 1 1
github.com/jexia/semaphore/pkg/dependencies/dependencies.go:32.2,32.12 1 1
github.com/jexia/semaphore/pkg/dependencies/dependencies.go:14.38,15.35 1 3
github.com/jexia/semaphore/pkg/dependencies/dependencies.go:15.35,17.18 2 9
github.com/jexia/semaphore/pkg/dependencies/dependencies.go:17.18,19.5 1 0
github.com/jexia/semaphore/pkg/dependencies/dependencies.go:23.39,24.36 1 3
github.com/jexia/semaphore/pkg/dependencies/dependencies.go:24.36,26.18 2 9
github.com/jexia/semaphore/pkg/dependencies/dependencies.go:26.18,28.5 1 0
github.com/jexia/semaphore/pkg/dependencies/dependencies.go:36.112,37.30 1 53
github.com/jexia/semaphore/pkg/dependencies/dependencies.go:41.2,43.35 2 26
github.com/jexia/semaphore/pkg/dependencies/dependencies.go:69.2,71.12 2 22
github.com/jexia/semaphore/pkg/dependencies/dependencies.go:37.30,39.3 1 27
github.com/jexia/semaphore/pkg/dependencies/dependencies.go:43.35,45.22 1 33
github.com/jexia/semaphore/pkg/dependencies/dependencies.go:51.3,52.15 2 32
github.com/jexia/semaphore/pkg/dependencies/dependencies.go:56.3,57.20 2 30
github.com/jexia/semaphore/pkg/dependencies/dependencies.go:61.3,62.17 2 30
github.com/jexia/semaphore/pkg/dependencies/dependencies.go:66.3,66.32 1 28
github.com/jexia/semaphore/pkg/dependencies/dependencies.go:45.22,48.12 3 1
github.com/jexia/semaphore/pkg/dependencies/dependencies.go:52.15,54.4 1 2
github.com/jexia/semaphore/pkg/dependencies/dependencies.go:57.20,58.12 1 0
github.com/jexia/semaphore/pkg/dependencies/dependencies.go:62.17,64.4 1 2
github.com/jexia/semaphore/pkg/dependencies/dependencies.go:75.75,76.43 1 30
github.com/jexia/semaphore/pkg/dependencies/dependencies.go:82.2,82.12 1 0
github.com/jexia/semaphore/pkg/dependencies/dependencies.go:76.43,77.23 1 38
github.com/jexia/semaphore/pkg/dependencies/dependencies.go:77.23,79.4 1 30
github.com/jexia/semaphore/pkg/dependencies/references.go:15.77,18.38 2 6
github.com/jexia/semaphore/pkg/dependencies/references.go:36.2,36.39 1 6
github.com/jexia/semaphore/pkg/dependencies/references.go:18.38,19.35 1 5
github.com/jexia/semaphore/pkg/dependencies/references.go:24.3,26.26 2 5
github.com/jexia/semaphore/pkg/dependencies/references.go:30.3,30.25 1 5
github.com/jexia/semaphore/pkg/dependencies/references.go:19.35,21.4 1 2
github.com/jexia/semaphore/pkg/dependencies/references.go:26.26,28.4 1 0
github.com/jexia/semaphore/pkg/dependencies/references.go:30.25,33.4 2 3
github.com/jexia/semaphore/pkg/dependencies/references.go:36.39,37.36 1 1
github.com/jexia/semaphore/pkg/dependencies/references.go:37.36,39.4 1 1
github.com/jexia/semaphore/pkg/dependencies/references.go:44.46,45.27 1 9
github.com/jexia/semaphore/pkg/dependencies/references.go:49.2,49.25 1 9
github.com/jexia/semaphore/pkg/dependencies/references.go:53.2,53.27 1 9
github.com/jexia/semaphore/pkg/dependencies/references.go:57.2,57.22 1 9
github.com/jexia/semaphore/pkg/dependencies/references.go:62.2,62.26 1 9
github.com/jexia/semaphore/pkg/dependencies/references.go:45.27,47.3 1 9
github.com/jexia/semaphore/pkg/dependencies/references.go:49.25,51.3 1 0
github.com/jexia/semaphore/pkg/dependencies/references.go:53.27,55.3 1 0
github.com/jexia/semaphore/pkg/dependencies/references.go:57.22,60.3 2 5
github.com/jexia/semaphore/pkg/dependencies/references.go:62.26,65.3 2 4
github.com/jexia/semaphore/pkg/dependencies/references.go:69.95,70.23 1 18
github.com/jexia/semaphore/pkg/dependencies/references.go:74.2,76.62 3 9
github.com/jexia/semaphore/pkg/dependencies/references.go:70.23,72.3 1 9
github.com/jexia/semaphore/pkg/dependencies/references.go:80.85,81.23 1 0
github.com/jexia/semaphore/pkg/dependencies/references.go:85.2,85.32 1 0
github.com/jexia/semaphore/pkg/dependencies/references.go:81.23,83.3 1 0
github.com/jexia/semaphore/pkg/dependencies/references.go:85.32,89.3 3 0
github.com/jexia/semaphore/pkg/dependencies/references.go:93.97,94.22 1 0
github.com/jexia/semaphore/pkg/dependencies/references.go:98.2,98.37 1 0
github.com/jexia/semaphore/pkg/dependencies/references.go:94.22,96.3 1 0
github.com/jexia/semaphore/pkg/dependencies/references.go:98.37,99.32 1 0
github.com/jexia/semaphore/pkg/dependencies/references.go:105.3,105.60 1 0
github.com/jexia/semaphore/pkg/dependencies/references.go:99.32,100.43 1 0
github.com/jexia/semaphore/pkg/dependencies/references.go:100.43,102.5 1 0
github.com/jexia/semaphore/pkg/dependencies/references.go:110.88,111.30 1 12
github.com/jexia/semaphore/pkg/dependencies/references.go:111.30,113.3 1 2
github.com/jexia/semaphore/pkg/dependencies/references.go:117.95,118.21 1 15
github.com/jexia/semaphore/pkg/dependencies/references.go:122.2,122.30 1 12
github.com/jexia/semaphore/pkg/dependencies/references.go:130.2,130.31 1 11
github.com/jexia/semaphore/pkg/dependencies/references.go:134.2,134.40 1 11
github.com/jexia/semaphore/pkg/dependencies/references.go:138.2,139.118 2 11
github.com/jexia/semaphore/pkg/dependencies/references.go:143.2,145.32 3 11
github.com/jexia/semaphore/pkg/dependencies/references.go:118.21,120.3 1 3
github.com/jexia/semaphore/pkg/dependencies/references.go:122.30,123.42 1 1
github.com/jexia/semaphore/pkg/dependencies/references.go:127.3,127.9 1 1
github.com/jexia/semaphore/pkg/dependencies/references.go:123.42,125.4 1 1
github.com/jexia/semaphore/pkg/dependencies/references.go:130.31,132.3 1 0
github.com/jexia/semaphore/pkg/dependencies/references.go:134.40,136.3 1 0
github.com/jexia/semaphore/pkg/dependencies/references.go:139.118,141.3 1 11
github.com/jexia/semaphore/pkg/dependencies/references.go:149.101,150.19 1 9
github.com/jexia/semaphore/pkg/dependencies/references.go:154.2,154.36 1 1
github.com/jexia/semaphore/pkg/dependencies/references.go:150.19,152.3 1 8
github.com/jexia/semaphore/pkg/dependencies/references.go:154.36,155.32 1 1
github.com/jexia/semaphore/pkg/dependencies/references.go:159.3,160.79 2 1
github.com/jexia/semaphore/pkg/dependencies/references.go:165.3,167.36 3 1
github.com/jexia/semaphore/pkg/dependencies/references.go:155.32,156.12 1 0
github.com/jexia/semaphore/pkg/dependencies/references.go:160.79,163.4 2 1
github.com/jexia/semaphore/pkg/dependencies/references.go:172.122,178.19 5 14
github.com/jexia/semaphore/pkg/dependencies/references.go:200.2,200.15 1 14
github.com/jexia/semaphore/pkg/dependencies/references.go:178.19,179.30 1 14
github.com/jexia/semaphore/pkg/dependencies/references.go:186.3,186.30 1 14
github.com/jexia/semaphore/pkg/dependencies/references.go:179.30,184.4 1 12
github.com/jexia/semaphore/pkg/dependencies/references.go:186.30,189.43 2 2
github.com/jexia/semaphore/pkg/dependencies/references.go:189.43,196.5 2 2
github.com/jexia/semaphore/pkg/functions/functions.go:35.72,37.9 2 23
github.com/jexia/semaphore/pkg/functions/functions.go:41.2,42.27 2 23
github.com/jexia/semaphore/pkg/functions/functions.go:37.9,39.3 1 0
github.com/jexia/semaphore/pkg/functions/functions.go:66.130,69.38 2 16
github.com/jexia/semaphore/pkg/functions/functions.go:76.2,76.39 1 13
github.com/jexia/semaphore/pkg/functions/functions.go:83.2,83.12 1 10
github.com/jexia/semaphore/pkg/functions/functions.go:69.38,71.17 2 6
github.com/jexia/semaphore/pkg/functions/functions.go:71.17,73.4 1 3
github.com/jexia/semaphore/pkg/functions/functions.go:76.39,78.17 2 10
github.com/jexia/semaphore/pkg/functions/functions.go:78.17,80.4 1 3
github.com/jexia/semaphore/pkg/functions/functions.go:87.147,90.35 2 10
github.com/jexia/semaphore/pkg/functions/functions.go:97.2,97.26 1 7
github.com/jexia/semaphore/pkg/functions/functions.go:109.2,109.12 1 7
github.com/jexia/semaphore/pkg/functions/functions.go:90.35,92.17 2 10
github.com/jexia/semaphore/pkg/functions/functions.go:92.17,94.4 1 3
github.com/jexia/semaphore/pkg/functions/functions.go:97.26,98.35 1 1
github.com/jexia/semaphore/pkg/functions/functions.go:98.35,99.43 1 1
github.com/jexia/semaphore/pkg/functions/functions.go:99.43,102.19 3 1
github.com/jexia/semaphore/pkg/functions/functions.go:102.19,104.6 1 0
github.com/jexia/semaphore/pkg/functions/functions.go:113.144,116.34 2 6
github.com/jexia/semaphore/pkg/functions/functions.go:123.2,123.24 1 3
github.com/jexia/semaphore/pkg/functions/functions.go:131.2,131.12 1 3
github.com/jexia/semaphore/pkg/functions/functions.go:116.34,118.17 2 6
github.com/jexia/semaphore/pkg/functions/functions.go:118.17,120.4 1 3
github.com/jexia/semaphore/pkg/functions/functions.go:123.24,126.17 3 2
github.com/jexia/semaphore/pkg/functions/functions.go:126.17,128.4 1 0
github.com/jexia/semaphore/pkg/functions/functions.go:135.145,136.27 1 16
github.com/jexia/semaphore/pkg/functions/functions.go:144.2,144.22 1 16
github.com/jexia/semaphore/pkg/functions/functions.go:151.2,151.26 1 12
github.com/jexia/semaphore/pkg/functions/functions.go:158.2,158.12 1 10
github.com/jexia/semaphore/pkg/functions/functions.go:136.27,139.17 3 0
github.com/jexia/semaphore/pkg/functions/functions.go:139.17,141.4 1 0
github.com/jexia/semaphore/pkg/functions/functions.go:144.22,146.17 2 12
github.com/jexia/semaphore/pkg/functions/functions.go:146.17,148.4 1 4
github.com/jexia/semaphore/pkg/functions/functions.go:151.26,153.17 2 4
github.com/jexia/semaphore/pkg/functions/functions.go:153.17,155.4 1 2
github.com/jexia/semaphore/pkg/functions/functions.go:162.157,163.25 1 16
github.com/jexia/semaphore/pkg/functions/functions.go:171.2,171.26 1 10
github.com/jexia/semaphore/pkg/functions/functions.go:179.2,179.12 1 10
github.com/jexia/semaphore/pkg/functions/functions.go:163.25,166.17 3 14
github.com/jexia/semaphore/pkg/functions/functions.go:166.17,168.4 1 6
github.com/jexia/semaphore/pkg/functions/functions.go:171.26,174.17 3 6
github.com/jexia/semaphore/pkg/functions/functions.go:174.17,176.4 1 0
github.com/jexia/semaphore/pkg/functions/functions.go:183.172,184.26 1 26
github.com/jexia/semaphore/pkg/functions/functions.go:191.2,191.26 1 22
github.com/jexia/semaphore/pkg/functions/functions.go:198.2,198.28 1 22
github.com/jexia/semaphore/pkg/functions/functions.go:205.2,205.12 1 20
github.com/jexia/semaphore/pkg/functions/functions.go:184.26,186.17 2 14
github.com/jexia/semaphore/pkg/functions/functions.go:186.17,188.4 1 4
github.com/jexia/semaphore/pkg/functions/functions.go:191.26,193.17 2 0
github.com/jexia/semaphore/pkg/functions/functions.go:193.17,195.4 1 0
github.com/jexia/semaphore/pkg/functions/functions.go:198.28,200.17 2 14
github.com/jexia/semaphore/pkg/functions/functions.go:200.17,202.4 1 2
github.com/jexia/semaphore/pkg/functions/functions.go:209.141,210.30 1 15
github.com/jexia/semaphore/pkg/functions/functions.go:217.2,217.12 1 11
github.com/jexia/semaphore/pkg/functions/functions.go:210.30,212.17 2 15
github.com/jexia/semaphore/pkg/functions/functions.go:212.17,214.4 1 4
github.com/jexia/semaphore/pkg/functions/functions.go:221.173,222.19 1 0
github.com/jexia/semaphore/pkg/functions/functions.go:226.2,226.31 1 0
github.com/jexia/semaphore/pkg/functions/functions.go:233.2,233.12 1 0
github.com/jexia/semaphore/pkg/functions/functions.go:222.19,224.3 1 0
github.com/jexia/semaphore/pkg/functions/functions.go:226.31,228.17 2 0
github.com/jexia/semaphore/pkg/functions/functions.go:228.17,230.4 1 0
github.com/jexia/semaphore/pkg/functions/functions.go:237.162,238.17 1 29
github.com/jexia/semaphore/pkg/functions/functions.go:242.2,242.24 1 29
github.com/jexia/semaphore/pkg/functions/functions.go:251.2,252.16 2 27
github.com/jexia/semaphore/pkg/functions/functions.go:256.2,256.12 1 25
github.com/jexia/semaphore/pkg/functions/functions.go:238.17,240.3 1 0
github.com/jexia/semaphore/pkg/functions/functions.go:242.24,243.38 1 15
github.com/jexia/semaphore/pkg/functions/functions.go:243.38,245.18 2 15
github.com/jexia/semaphore/pkg/functions/functions.go:245.18,247.5 1 2
github.com/jexia/semaphore/pkg/functions/functions.go:252.16,254.3 1 2
github.com/jexia/semaphore/pkg/functions/functions.go:260.155,261.21 1 86
github.com/jexia/semaphore/pkg/functions/functions.go:265.2,265.48 1 84
github.com/jexia/semaphore/pkg/functions/functions.go:269.2,273.24 4 43
github.com/jexia/semaphore/pkg/functions/functions.go:277.2,279.31 2 42
github.com/jexia/semaphore/pkg/functions/functions.go:298.2,299.16 2 38
github.com/jexia/semaphore/pkg/functions/functions.go:303.2,321.12 8 32
github.com/jexia/semaphore/pkg/functions/functions.go:261.21,263.3 1 2
github.com/jexia/semaphore/pkg/functions/functions.go:265.48,267.3 1 41
github.com/jexia/semaphore/pkg/functions/functions.go:273.24,275.3 1 1
github.com/jexia/semaphore/pkg/functions/functions.go:279.31,281.17 2 42
github.com/jexia/semaphore/pkg/functions/functions.go:285.3,286.17 2 42
github.com/jexia/semaphore/pkg/functions/functions.go:290.3,291.17 2 42
github.com/jexia/semaphore/pkg/functions/functions.go:295.3,295.28 1 38
github.com/jexia/semaphore/pkg/functions/functions.go:281.17,283.4 1 0
github.com/jexia/semaphore/pkg/functions/functions.go:286.17,288.4 1 0
github.com/jexia/semaphore/pkg/functions/functions.go:291.17,293.4 1 4
github.com/jexia/semaphore/pkg/functions/functions.go:299.16,301.3 1 6
github.com/jexia/semaphore/pkg/functions/functions.go:325.38,329.2 3 32
github.com/jexia/semaphore/pkg/functions/references.go:10.117,11.22 1 3
github.com/jexia/semaphore/pkg/functions/references.go:15.2,15.37 1 2
github.com/jexia/semaphore/pkg/functions/references.go:29.2,29.12 1 2
github.com/jexia/semaphore/pkg/functions/references.go:11.22,13.3 1 1
github.com/jexia/semaphore/pkg/functions/references.go:15.37,16.32 1 2
github.com/jexia/semaphore/pkg/functions/references.go:22.3,22.30 1 2
github.com/jexia/semaphore/pkg/functions/references.go:26.3,26.63 1 1
github.com/jexia/semaphore/pkg/functions/references.go:16.32,17.43 1 1
github.com/jexia/semaphore/pkg/functions/references.go:17.43,19.5 1 1
github.com/jexia/semaphore/pkg/functions/references.go:22.30,23.12 1 1
github.com/jexia/semaphore/pkg/lookup/lookup.go:22.69,23.38 1 3
github.com/jexia/semaphore/pkg/lookup/lookup.go:29.2,29.12 1 1
github.com/jexia/semaphore/pkg/lookup/lookup.go:23.38,24.24 1 5
github.com/jexia/semaphore/pkg/lookup/lookup.go:24.24,26.4 1 2
github.com/jexia/semaphore/pkg/lookup/lookup.go:33.54,39.24 4 26
github.com/jexia/semaphore/pkg/lookup/lookup.go:43.2,43.21 1 26
github.com/jexia/semaphore/pkg/lookup/lookup.go:39.24,41.3 1 19
github.com/jexia/semaphore/pkg/lookup/lookup.go:47.45,48.40 1 28
github.com/jexia/semaphore/pkg/lookup/lookup.go:52.2,52.40 1 26
github.com/jexia/semaphore/pkg/lookup/lookup.go:56.2,56.34 1 26
github.com/jexia/semaphore/pkg/lookup/lookup.go:48.40,50.3 1 2
github.com/jexia/semaphore/pkg/lookup/lookup.go:52.40,54.3 1 0
github.com/jexia/semaphore/pkg/lookup/lookup.go:60.80,61.43 1 4
github.com/jexia/semaphore/pkg/lookup/lookup.go:73.2,73.19 1 1
github.com/jexia/semaphore/pkg/lookup/lookup.go:61.43,62.28 1 7
github.com/jexia/semaphore/pkg/lookup/lookup.go:62.28,65.26 3 3
github.com/jexia/semaphore/pkg/lookup/lookup.go:69.4,69.25 1 2
github.com/jexia/semaphore/pkg/lookup/lookup.go:65.26,67.5 1 1
github.com/jexia/semaphore/pkg/lookup/lookup.go:78.103,83.28 4 8
github.com/jexia/semaphore/pkg/lookup/lookup.go:90.2,90.43 1 8
github.com/jexia/semaphore/pkg/lookup/lookup.go:100.2,100.39 1 8
github.com/jexia/semaphore/pkg/lookup/lookup.go:144.2,144.19 1 8
github.com/jexia/semaphore/pkg/lookup/lookup.go:83.28,88.3 1 7
github.com/jexia/semaphore/pkg/lookup/lookup.go:90.43,95.31 2 6
github.com/jexia/semaphore/pkg/lookup/lookup.go:95.31,97.4 1 0
github.com/jexia/semaphore/pkg/lookup/lookup.go:100.39,102.23 2 21
github.com/jexia/semaphore/pkg/lookup/lookup.go:115.3,115.28 1 21
github.com/jexia/semaphore/pkg/lookup/lookup.go:130.3,130.23 1 19
github.com/jexia/semaphore/pkg/lookup/lookup.go:102.23,103.32 1 21
github.com/jexia/semaphore/pkg/lookup/lookup.go:103.32,104.39 1 20
github.com/jexia/semaphore/pkg/lookup/lookup.go:110.5,111.95 2 20
github.com/jexia/semaphore/pkg/lookup/lookup.go:104.39,105.56 1 1
github.com/jexia/semaphore/pkg/lookup/lookup.go:105.56,107.7 1 1
github.com/jexia/semaphore/pkg/lookup/lookup.go:115.28,116.32 1 2
github.com/jexia/semaphore/pkg/lookup/lookup.go:127.4,127.9 1 2
github.com/jexia/semaphore/pkg/lookup/lookup.go:116.32,122.42 2 0
github.com/jexia/semaphore/pkg/lookup/lookup.go:122.42,124.6 1 0
github.com/jexia/semaphore/pkg/lookup/lookup.go:130.23,131.33 1 19
github.com/jexia/semaphore/pkg/lookup/lookup.go:131.33,132.40 1 18
github.com/jexia/semaphore/pkg/lookup/lookup.go:138.5,139.99 2 18
github.com/jexia/semaphore/pkg/lookup/lookup.go:132.40,133.57 1 1
github.com/jexia/semaphore/pkg/lookup/lookup.go:133.57,135.7 1 1
github.com/jexia/semaphore/pkg/lookup/lookup.go:148.134,149.22 1 26
github.com/jexia/semaphore/pkg/lookup/lookup.go:153.2,154.18 2 26
github.com/jexia/semaphore/pkg/lookup/lookup.go:158.2,158.41 1 26
github.com/jexia/semaphore/pkg/lookup/lookup.go:166.2,166.12 1 1
github.com/jexia/semaphore/pkg/lookup/lookup.go:149.22,151.3 1 0
github.com/jexia/semaphore/pkg/lookup/lookup.go:154.18,156.3 1 1
github.com/jexia/semaphore/pkg/lookup/lookup.go:158.41,159.25 1 95
github.com/jexia/semaphore/pkg/lookup/lookup.go:163.3,163.50 1 25
github.com/jexia/semaphore/pkg/lookup/lookup.go:159.25,160.12 1 70
github.com/jexia/semaphore/pkg/lookup/lookup.go:170.86,172.10 2 27
github.com/jexia/semaphore/pkg/lookup/lookup.go:176.2,176.21 1 26
github.com/jexia/semaphore/pkg/lookup/lookup.go:172.10,174.3 1 1
github.com/jexia/semaphore/pkg/lookup/lookup.go:180.59,181.43 1 18
github.com/jexia/semaphore/pkg/lookup/lookup.go:181.43,189.3 2 1
github.com/jexia/semaphore/pkg/lookup/lookup.go:193.51,194.26 1 9
github.com/jexia/semaphore/pkg/lookup/lookup.go:198.2,198.43 1 9
github.com/jexia/semaphore/pkg/lookup/lookup.go:194.26,196.3 1 1
github.com/jexia/semaphore/pkg/lookup/lookup.go:198.43,199.35 1 2
github.com/jexia/semaphore/pkg/lookup/lookup.go:205.3,205.13 1 1
github.com/jexia/semaphore/pkg/lookup/lookup.go:199.35,200.53 1 1
github.com/jexia/semaphore/pkg/lookup/lookup.go:200.53,202.5 1 1
github.com/jexia/semaphore/pkg/lookup/lookup.go:210.55,211.43 1 208
github.com/jexia/semaphore/pkg/lookup/lookup.go:211.43,212.19 1 181
github.com/jexia/semaphore/pkg/lookup/lookup.go:216.3,216.22 1 181
github.com/jexia/semaphore/pkg/lookup/lookup.go:220.3,220.25 1 180
github.com/jexia/semaphore/pkg/lookup/lookup.go:224.3,224.26 1 156
github.com/jexia/semaphore/pkg/lookup/lookup.go:228.3,228.38 1 69
github.com/jexia/semaphore/pkg/lookup/lookup.go:235.3,235.13 1 21
github.com/jexia/semaphore/pkg/lookup/lookup.go:212.19,214.4 1 0
github.com/jexia/semaphore/pkg/lookup/lookup.go:216.22,218.4 1 1
github.com/jexia/semaphore/pkg/lookup/lookup.go:220.25,222.4 1 24
github.com/jexia/semaphore/pkg/lookup/lookup.go:224.26,226.4 1 87
github.com/jexia/semaphore/pkg/lookup/lookup.go:228.38,230.21 2 156
github.com/jexia/semaphore/pkg/lookup/lookup.go:230.21,232.5 1 48
github.com/jexia/semaphore/pkg/lookup/lookup.go:240.116,241.43 1 20
github.com/jexia/semaphore/pkg/lookup/lookup.go:241.43,242.20 1 3
github.com/jexia/semaphore/pkg/lookup/lookup.go:246.3,246.34 1 3
github.com/jexia/semaphore/pkg/lookup/lookup.go:264.3,264.13 1 0
github.com/jexia/semaphore/pkg/lookup/lookup.go:242.20,244.4 1 0
github.com/jexia/semaphore/pkg/lookup/lookup.go:246.34,247.19 1 5
github.com/jexia/semaphore/pkg/lookup/lookup.go:247.19,248.31 1 3
github.com/jexia/semaphore/pkg/lookup/lookup.go:252.5,254.25 3 1
github.com/jexia/semaphore/pkg/lookup/lookup.go:258.5,260.18 3 1
github.com/jexia/semaphore/pkg/lookup/lookup.go:248.31,250.6 1 2
github.com/jexia/semaphore/pkg/lookup/lookup.go:254.25,256.6 1 0
github.com/jexia/semaphore/pkg/lookup/lookup.go:269.63,270.17 1 6
github.com/jexia/semaphore/pkg/lookup/lookup.go:274.2,274.25 1 6
github.com/jexia/semaphore/pkg/lookup/lookup.go:281.2,281.24 1 6
github.com/jexia/semaphore/pkg/lookup/lookup.go:288.2,288.43 1 6
github.com/jexia/semaphore/pkg/lookup/lookup.go:270.17,272.3 1 6
github.com/jexia/semaphore/pkg/lookup/lookup.go:274.25,279.3 1 6
github.com/jexia/semaphore/pkg/lookup/lookup.go:281.24,286.3 1 6
github.com/jexia/semaphore/pkg/lookup/lookup.go:288.43,290.24 1 0
github.com/jexia/semaphore/pkg/lookup/lookup.go:294.3,294.23 1 0
github.com/jexia/semaphore/pkg/lookup/lookup.go:298.3,298.13 1 0
github.com/jexia/semaphore/pkg/lookup/lookup.go:290.24,292.4 1 0
github.com/jexia/semaphore/pkg/lookup/lookup.go:294.23,296.4 1 0
github.com/jexia/semaphore/pkg/lookup/lookup.go:303.64,304.32 1 3
github.com/jexia/semaphore/pkg/lookup/lookup.go:308.2,308.46 1 1
github.com/jexia/semaphore/pkg/lookup/lookup.go:304.32,306.3 1 2
github.com/jexia/semaphore/pkg/flow/flow.go:25.153,28.23 2 5
github.com/jexia/semaphore/pkg/flow/flow.go:32.2,46.40 3 5
github.com/jexia/semaphore/pkg/flow/flow.go:52.2,54.16 2 5
github.com/jexia/semaphore/pkg/flow/flow.go:28.23,30.3 1 5
github.com/jexia/semaphore/pkg/flow/flow.go:46.40,47.36 1 2
github.com/jexia/semaphore/pkg/flow/flow.go:47.36,49.4 1 2
github.com/jexia/semaphore/pkg/flow/flow.go:95.42,97.2 1 1
github.com/jexia/semaphore/pkg/flow/flow.go:100.52,103.26 2 1
github.com/jexia/semaphore/pkg/flow/flow.go:107.2,107.37 1 1
github.com/jexia/semaphore/pkg/flow/flow.go:113.2,113.15 1 1
github.com/jexia/semaphore/pkg/flow/flow.go:103.26,105.3 1 1
github.com/jexia/semaphore/pkg/flow/flow.go:107.37,108.26 1 4
github.com/jexia/semaphore/pkg/flow/flow.go:108.26,110.4 1 4
github.com/jexia/semaphore/pkg/flow/flow.go:117.47,119.2 1 0
github.com/jexia/semaphore/pkg/flow/flow.go:123.72,124.29 1 10
github.com/jexia/semaphore/pkg/flow/flow.go:133.2,141.40 6 9
github.com/jexia/semaphore/pkg/flow/flow.go:145.2,149.61 3 9
github.com/jexia/semaphore/pkg/flow/flow.go:156.2,156.28 1 9
github.com/jexia/semaphore/pkg/flow/flow.go:167.2,169.28 2 6
github.com/jexia/semaphore/pkg/flow/flow.go:176.2,176.12 1 5
github.com/jexia/semaphore/pkg/flow/flow.go:124.29,126.17 2 2
github.com/jexia/semaphore/pkg/flow/flow.go:130.3,130.16 1 1
github.com/jexia/semaphore/pkg/flow/flow.go:126.17,128.4 1 1
github.com/jexia/semaphore/pkg/flow/flow.go:141.40,143.3 1 5
github.com/jexia/semaphore/pkg/flow/flow.go:149.61,151.17 2 4
github.com/jexia/semaphore/pkg/flow/flow.go:151.17,153.4 1 2
github.com/jexia/semaphore/pkg/flow/flow.go:156.28,165.3 4 3
github.com/jexia/semaphore/pkg/flow/flow.go:169.28,171.17 2 2
github.com/jexia/semaphore/pkg/flow/flow.go:171.17,173.4 1 1
github.com/jexia/semaphore/pkg/flow/flow.go:181.68,187.35 4 7
github.com/jexia/semaphore/pkg/flow/flow.go:195.2,199.40 3 6
github.com/jexia/semaphore/pkg/flow/flow.go:207.2,209.27 2 6
github.com/jexia/semaphore/pkg/flow/flow.go:213.2,215.34 2 6
github.com/jexia/semaphore/pkg/flow/flow.go:187.35,189.17 2 2
github.com/jexia/semaphore/pkg/flow/flow.go:189.17,192.4 2 1
github.com/jexia/semaphore/pkg/flow/flow.go:199.40,200.36 1 4
github.com/jexia/semaphore/pkg/flow/flow.go:200.36,201.50 1 20
github.com/jexia/semaphore/pkg/flow/flow.go:201.50,203.5 1 4
github.com/jexia/semaphore/pkg/flow/flow.go:209.27,211.3 1 4
github.com/jexia/semaphore/pkg/flow/flow.go:215.34,217.17 2 2
github.com/jexia/semaphore/pkg/flow/flow.go:217.17,220.4 2 1
github.com/jexia/semaphore/pkg/flow/flow.go:225.32,228.2 2 1
github.com/jexia/semaphore/pkg/flow/node.go:17.131,20.23 2 5
github.com/jexia/semaphore/pkg/flow/node.go:24.2,24.22 1 5
github.com/jexia/semaphore/pkg/flow/node.go:28.2,28.17 1 5
github.com/jexia/semaphore/pkg/flow/node.go:34.2,34.21 1 5
github.com/jexia/semaphore/pkg/flow/node.go:40.2,58.3 2 5
github.com/jexia/semaphore/pkg/flow/node.go:20.23,22.3 1 5
github.com/jexia/semaphore/pkg/flow/node.go:24.22,26.3 1 2
github.com/jexia/semaphore/pkg/flow/node.go:28.17,29.42 1 3
github.com/jexia/semaphore/pkg/flow/node.go:29.42,31.4 1 3
github.com/jexia/semaphore/pkg/flow/node.go:34.21,35.46 1 3
github.com/jexia/semaphore/pkg/flow/node.go:35.46,37.4 1 3
github.com/jexia/semaphore/pkg/flow/node.go:65.42,66.29 1 10
github.com/jexia/semaphore/pkg/flow/node.go:72.2,72.14 1 9
github.com/jexia/semaphore/pkg/flow/node.go:66.29,67.24 1 3
github.com/jexia/semaphore/pkg/flow/node.go:67.24,69.4 1 1
github.com/jexia/semaphore/pkg/flow/node.go:116.100,123.48 5 39
github.com/jexia/semaphore/pkg/flow/node.go:128.2,130.27 2 33
github.com/jexia/semaphore/pkg/flow/node.go:149.2,149.26 1 33
github.com/jexia/semaphore/pkg/flow/node.go:158.2,158.22 1 32
github.com/jexia/semaphore/pkg/flow/node.go:167.2,170.28 3 30
github.com/jexia/semaphore/pkg/flow/node.go:175.2,176.33 2 29
github.com/jexia/semaphore/pkg/flow/node.go:181.2,181.25 1 29
github.com/jexia/semaphore/pkg/flow/node.go:123.48,126.3 2 6
github.com/jexia/semaphore/pkg/flow/node.go:130.27,134.17 3 0
github.com/jexia/semaphore/pkg/flow/node.go:140.3,140.12 1 0
github.com/jexia/semaphore/pkg/flow/node.go:146.3,146.58 1 0
github.com/jexia/semaphore/pkg/flow/node.go:134.17,138.4 3 0
github.com/jexia/semaphore/pkg/flow/node.go:140.12,144.4 3 0
github.com/jexia/semaphore/pkg/flow/node.go:149.26,151.17 2 2
github.com/jexia/semaphore/pkg/flow/node.go:151.17,155.4 3 1
github.com/jexia/semaphore/pkg/flow/node.go:158.22,160.17 2 32
github.com/jexia/semaphore/pkg/flow/node.go:160.17,164.4 3 2
github.com/jexia/semaphore/pkg/flow/node.go:170.28,173.3 2 1
github.com/jexia/semaphore/pkg/flow/node.go:176.33,179.3 2 27
github.com/jexia/semaphore/pkg/flow/node.go:181.25,183.17 2 2
github.com/jexia/semaphore/pkg/flow/node.go:183.17,187.4 3 1
github.com/jexia/semaphore/pkg/flow/node.go:193.106,200.44 5 26
github.com/jexia/semaphore/pkg/flow/node.go:205.2,207.30 2 19
github.com/jexia/semaphore/pkg/flow/node.go:216.2,216.15 1 18
github.com/jexia/semaphore/pkg/flow/node.go:224.2,224.24 1 18
github.com/jexia/semaphore/pkg/flow/node.go:231.2,234.29 3 18
github.com/jexia/semaphore/pkg/flow/node.go:200.44,203.3 2 7
github.com/jexia/semaphore/pkg/flow/node.go:207.30,209.17 2 2
github.com/jexia/semaphore/pkg/flow/node.go:209.17,213.4 3 1
github.com/jexia/semaphore/pkg/flow/node.go:216.15,218.38 2 18
github.com/jexia/semaphore/pkg/flow/node.go:218.38,221.4 2 17
github.com/jexia/semaphore/pkg/flow/node.go:224.24,226.17 2 5
github.com/jexia/semaphore/pkg/flow/node.go:226.17,228.4 1 0
github.com/jexia/semaphore/pkg/flow/node.go:234.29,236.17 2 2
github.com/jexia/semaphore/pkg/flow/node.go:236.17,240.4 3 1
github.com/jexia/semaphore/pkg/flow/node.go:245.63,248.33 2 0
github.com/jexia/semaphore/pkg/flow/node.go:248.33,249.28 1 0
github.com/jexia/semaphore/pkg/flow/node.go:254.3,254.21 1 0
github.com/jexia/semaphore/pkg/flow/node.go:249.28,251.12 2 0
github.com/jexia/semaphore/pkg/flow/node.go:259.70,262.25 2 22
github.com/jexia/semaphore/pkg/flow/node.go:266.2,266.33 1 22
github.com/jexia/semaphore/pkg/flow/node.go:262.25,264.3 1 10
github.com/jexia/semaphore/pkg/flow/node.go:266.33,268.3 1 16
github.com/jexia/semaphore/pkg/flow/processes.go:11.41,16.2 3 30
github.com/jexia/semaphore/pkg/flow/processes.go:28.44,30.2 1 78
github.com/jexia/semaphore/pkg/flow/processes.go:33.36,35.2 1 66
github.com/jexia/semaphore/pkg/flow/processes.go:38.36,40.2 1 19
github.com/jexia/semaphore/pkg/flow/processes.go:43.51,47.2 3 63
github.com/jexia/semaphore/pkg/flow/processes.go:50.56,51.16 1 12
github.com/jexia/semaphore/pkg/flow/processes.go:55.2,58.26 3 11
github.com/jexia/semaphore/pkg/flow/processes.go:62.2,62.21 1 10
github.com/jexia/semaphore/pkg/flow/processes.go:51.16,53.3 1 1
github.com/jexia/semaphore/pkg/flow/processes.go:58.26,60.3 1 1
github.com/jexia/semaphore/pkg/flow/tracker.go:8.50,15.2 1 32
github.com/jexia/semaphore/pkg/flow/tracker.go:27.42,31.2 3 97
github.com/jexia/semaphore/pkg/flow/tracker.go:34.42,39.2 4 0
github.com/jexia/semaphore/pkg/flow/tracker.go:42.61,45.39 3 85
github.com/jexia/semaphore/pkg/flow/tracker.go:49.2,49.13 1 56
github.com/jexia/semaphore/pkg/flow/tracker.go:45.39,47.3 1 29
github.com/jexia/semaphore/pkg/flow/tracker.go:53.50,56.29 3 2
github.com/jexia/semaphore/pkg/flow/tracker.go:67.2,67.13 1 1
github.com/jexia/semaphore/pkg/flow/tracker.go:56.29,58.14 2 2
github.com/jexia/semaphore/pkg/flow/tracker.go:62.3,63.17 2 2
github.com/jexia/semaphore/pkg/flow/tracker.go:58.14,60.4 1 0
github.com/jexia/semaphore/pkg/flow/tracker.go:63.17,65.4 1 1
github.com/jexia/semaphore/pkg/flow/tracker.go:71.42,74.18 3 65
github.com/jexia/semaphore/pkg/flow/tracker.go:78.2,79.14 2 65
github.com/jexia/semaphore/pkg/flow/tracker.go:74.18,77.3 2 57
github.com/jexia/semaphore/pkg/flow/tracker.go:83.44,88.2 4 65
github.com/jexia/semaphore/pkg/flow/branches.go:8.39,9.29 1 7
github.com/jexia/semaphore/pkg/flow/branches.go:9.29,10.45 1 9
github.com/jexia/semaphore/pkg/flow/branches.go:14.3,14.45 1 9
github.com/jexia/semaphore/pkg/flow/branches.go:10.45,12.4 1 0
github.com/jexia/semaphore/pkg/flow/branches.go:14.45,17.4 2 4
github.com/jexia/semaphore/pkg/flow/branches.go:22.68,23.31 1 4
github.com/jexia/semaphore/pkg/flow/branches.go:23.31,24.28 1 14
github.com/jexia/semaphore/pkg/flow/branches.go:24.28,25.39 1 4
github.com/jexia/semaphore/pkg/flow/branches.go:29.4,29.35 1 4
github.com/jexia/semaphore/pkg/flow/branches.go:25.39,27.5 1 4
github.com/jexia/semaphore/pkg/flow/branches.go:29.35,31.5 1 4
github.com/jexia/semaphore/pkg/flow/branches.go:37.52,38.29 1 6
github.com/jexia/semaphore/pkg/flow/branches.go:44.2,44.15 1 6
github.com/jexia/semaphore/pkg/flow/branches.go:38.29,39.30 1 6
github.com/jexia/semaphore/pkg/flow/branches.go:39.30,41.4 1 4
github.com/jexia/semaphore/pkg/flow/caller.go:24.102,30.2 1 1
github.com/jexia/semaphore/pkg/flow/caller.go:43.81,55.48 2 20
github.com/jexia/semaphore/pkg/flow/caller.go:59.2,59.37 1 20
github.com/jexia/semaphore/pkg/flow/caller.go:63.2,63.15 1 20
github.com/jexia/semaphore/pkg/flow/caller.go:55.48,57.3 1 7
github.com/jexia/semaphore/pkg/flow/caller.go:59.37,61.3 1 13
github.com/jexia/semaphore/pkg/flow/caller.go:87.54,89.2 1 0
github.com/jexia/semaphore/pkg/flow/caller.go:92.71,99.27 4 19
github.com/jexia/semaphore/pkg/flow/caller.go:122.2,122.29 1 19
github.com/jexia/semaphore/pkg/flow/caller.go:138.2,139.42 2 18
github.com/jexia/semaphore/pkg/flow/caller.go:153.2,153.28 1 12
github.com/jexia/semaphore/pkg/flow/caller.go:173.2,173.12 1 12
github.com/jexia/semaphore/pkg/flow/caller.go:99.27,100.38 1 8
github.com/jexia/semaphore/pkg/flow/caller.go:107.3,107.37 1 8
github.com/jexia/semaphore/pkg/flow/caller.go:111.3,111.34 1 8
github.com/jexia/semaphore/pkg/flow/caller.go:100.38,102.18 2 3
github.com/jexia/semaphore/pkg/flow/caller.go:102.18,104.5 1 0
github.com/jexia/semaphore/pkg/flow/caller.go:107.37,109.4 1 0
github.com/jexia/semaphore/pkg/flow/caller.go:111.34,113.18 2 1
github.com/jexia/semaphore/pkg/flow/caller.go:117.4,118.17 2 1
github.com/jexia/semaphore/pkg/flow/caller.go:113.18,115.5 1 0
github.com/jexia/semaphore/pkg/flow/caller.go:122.29,126.17 2 11
github.com/jexia/semaphore/pkg/flow/caller.go:126.17,133.4 2 1
github.com/jexia/semaphore/pkg/flow/caller.go:134.8,136.3 1 8
github.com/jexia/semaphore/pkg/flow/caller.go:139.42,146.17 3 6
github.com/jexia/semaphore/pkg/flow/caller.go:150.3,150.22 1 6
github.com/jexia/semaphore/pkg/flow/caller.go:146.17,148.4 1 0
github.com/jexia/semaphore/pkg/flow/caller.go:153.28,154.35 1 8
github.com/jexia/semaphore/pkg/flow/caller.go:161.3,161.39 1 8
github.com/jexia/semaphore/pkg/flow/caller.go:168.3,168.38 1 8
github.com/jexia/semaphore/pkg/flow/caller.go:154.35,156.18 2 1
github.com/jexia/semaphore/pkg/flow/caller.go:156.18,158.5 1 0
github.com/jexia/semaphore/pkg/flow/caller.go:161.39,163.18 2 3
github.com/jexia/semaphore/pkg/flow/caller.go:163.18,165.5 1 0
github.com/jexia/semaphore/pkg/flow/caller.go:168.38,170.4 1 0
github.com/jexia/semaphore/pkg/flow/caller.go:177.96,181.23 3 6
github.com/jexia/semaphore/pkg/flow/caller.go:223.2,223.19 1 6
github.com/jexia/semaphore/pkg/flow/caller.go:227.2,227.20 1 6
github.com/jexia/semaphore/pkg/flow/caller.go:231.2,234.12 3 6
github.com/jexia/semaphore/pkg/flow/caller.go:181.23,182.32 1 4
github.com/jexia/semaphore/pkg/flow/caller.go:193.3,193.31 1 4
github.com/jexia/semaphore/pkg/flow/caller.go:204.3,204.30 1 4
github.com/jexia/semaphore/pkg/flow/caller.go:211.3,211.34 1 4
github.com/jexia/semaphore/pkg/flow/caller.go:218.3,218.33 1 4
github.com/jexia/semaphore/pkg/flow/caller.go:182.32,185.43 2 0
github.com/jexia/semaphore/pkg/flow/caller.go:185.43,187.19 2 0
github.com/jexia/semaphore/pkg/flow/caller.go:187.19,189.6 1 0
github.com/jexia/semaphore/pkg/flow/caller.go:193.31,196.42 2 0
github.com/jexia/semaphore/pkg/flow/caller.go:196.42,198.19 2 0
github.com/jexia/semaphore/pkg/flow/caller.go:198.19,200.6 1 0
github.com/jexia/semaphore/pkg/flow/caller.go:204.30,206.18 2 2
github.com/jexia/semaphore/pkg/flow/caller.go:206.18,208.5 1 0
github.com/jexia/semaphore/pkg/flow/caller.go:211.34,213.18 2 2
github.com/jexia/semaphore/pkg/flow/caller.go:213.18,215.5 1 0
github.com/jexia/semaphore/pkg/flow/caller.go:218.33,220.4 1 0
github.com/jexia/semaphore/pkg/flow/caller.go:223.19,225.3 1 6
github.com/jexia/semaphore/pkg/flow/caller.go:227.20,229.3 1 6
github.com/jexia/semaphore/pkg/flow/caller.go:238.70,239.35 1 19
github.com/jexia/semaphore/pkg/flow/caller.go:247.2,247.12 1 16
github.com/jexia/semaphore/pkg/flow/caller.go:239.35,242.17 3 20
github.com/jexia/semaphore/pkg/flow/caller.go:242.17,244.4 1 3
github.com/jexia/semaphore/pkg/flow/condition.go:12.76,17.2 1 7
github.com/jexia/semaphore/pkg/flow/condition.go:26.88,28.16 2 7
github.com/jexia/semaphore/pkg/flow/condition.go:32.2,33.60 2 6
github.com/jexia/semaphore/pkg/flow/condition.go:46.2,48.16 3 6
github.com/jexia/semaphore/pkg/flow/condition.go:52.2,53.9 2 5
github.com/jexia/semaphore/pkg/flow/condition.go:57.2,57.18 1 4
github.com/jexia/semaphore/pkg/flow/condition.go:28.16,30.3 1 1
github.com/jexia/semaphore/pkg/flow/condition.go:33.60,36.29 2 10
github.com/jexia/semaphore/pkg/flow/condition.go:43.3,43.26 1 10
github.com/jexia/semaphore/pkg/flow/condition.go:36.29,38.18 2 10
github.com/jexia/semaphore/pkg/flow/condition.go:38.18,40.5 1 10
github.com/jexia/semaphore/pkg/flow/condition.go:48.16,50.3 1 1
github.com/jexia/semaphore/pkg/flow/condition.go:53.9,55.3 1 1
github.com/jexia/semaphore/pkg/flow/error.go:11.135,19.2 1 2
github.com/jexia/semaphore/pkg/metadata/manager.go:14.86,20.2 1 3
github.com/jexia/semaphore/pkg/metadata/manager.go:30.54,31.45 1 1
github.com/jexia/semaphore/pkg/metadata/manager.go:35.2,36.44 2 1
github.com/jexia/semaphore/pkg/metadata/manager.go:56.2,56.15 1 1
github.com/jexia/semaphore/pkg/metadata/manager.go:31.45,33.3 1 0
github.com/jexia/semaphore/pkg/metadata/manager.go:36.44,39.32 2 1
github.com/jexia/semaphore/pkg/metadata/manager.go:46.3,48.19 2 1
github.com/jexia/semaphore/pkg/metadata/manager.go:53.3,53.31 1 1
github.com/jexia/semaphore/pkg/metadata/manager.go:39.32,41.18 2 0
github.com/jexia/semaphore/pkg/metadata/manager.go:41.18,43.5 1 0
github.com/jexia/semaphore/pkg/metadata/manager.go:48.19,50.12 2 0
github.com/jexia/semaphore/pkg/metadata/manager.go:60.66,61.35 1 1
github.com/jexia/semaphore/pkg/metadata/manager.go:61.35,68.3 4 1
github.com/jexia/semaphore/pkg/metadata/metadata.go:16.32,17.27 1 1
github.com/jexia/semaphore/pkg/metadata/metadata.go:17.27,19.3 1 2
github.com/jexia/semaphore/pkg/metadata/metadata.go:23.21,25.23 2 1
github.com/jexia/semaphore/pkg/metadata/metadata.go:28.2,28.12 1 1
github.com/jexia/semaphore/pkg/metadata/metadata.go:25.23,27.3 1 2
github.com/jexia/semaphore/pkg/metadata/metadata.go:32.58,34.9 2 1
github.com/jexia/semaphore/pkg/metadata/metadata.go:37.2,38.16 2 1
github.com/jexia/semaphore/pkg/metadata/metadata.go:34.9,36.3 1 0
github.com/jexia/semaphore/pkg/metadata/metadata.go:42.50,45.2 2 4
github.com/jexia/semaphore/pkg/metadata/metadata.go:48.61,50.2 1 4
github.com/jexia/semaphore/pkg/metadata/metadata.go:53.84,56.23 3 2
github.com/jexia/semaphore/pkg/metadata/metadata.go:59.2,59.28 1 2
github.com/jexia/semaphore/pkg/metadata/metadata.go:66.2,66.47 1 2
github.com/jexia/semaphore/pkg/metadata/metadata.go:56.23,58.3 1 4
github.com/jexia/semaphore/pkg/metadata/metadata.go:59.28,60.40 1 2
github.com/jexia/semaphore/pkg/metadata/metadata.go:64.3,64.13 1 1
github.com/jexia/semaphore/pkg/metadata/metadata.go:60.40,61.12 1 1
github.com/jexia/semaphore/pkg/codec/json/json.go:16.36,18.2 1 0
github.com/jexia/semaphore/pkg/codec/json/json.go:25.47,27.2 1 0
github.com/jexia/semaphore/pkg/codec/json/json.go:30.104,31.18 1 2
github.com/jexia/semaphore/pkg/codec/json/json.go:35.2,38.8 1 2
github.com/jexia/semaphore/pkg/codec/json/json.go:31.18,33.3 1 0
github.com/jexia/semaphore/pkg/codec/json/json.go:49.39,51.2 1 0
github.com/jexia/semaphore/pkg/codec/json/json.go:54.52,56.2 1 0
github.com/jexia/semaphore/pkg/codec/json/json.go:60.69,61.26 1 7
github.com/jexia/semaphore/pkg/codec/json/json.go:65.2,67.16 3 7
github.com/jexia/semaphore/pkg/codec/json/json.go:71.2,71.33 1 7
github.com/jexia/semaphore/pkg/codec/json/json.go:61.26,63.3 1 0
github.com/jexia/semaphore/pkg/codec/json/json.go:67.16,69.3 1 0
github.com/jexia/semaphore/pkg/codec/json/json.go:76.76,77.26 1 7
github.com/jexia/semaphore/pkg/codec/json/json.go:81.2,82.16 2 7
github.com/jexia/semaphore/pkg/codec/json/json.go:86.2,86.18 1 7
github.com/jexia/semaphore/pkg/codec/json/json.go:90.2,92.16 3 7
github.com/jexia/semaphore/pkg/codec/json/json.go:96.2,96.12 1 7
github.com/jexia/semaphore/pkg/codec/json/json.go:77.26,79.3 1 0
github.com/jexia/semaphore/pkg/codec/json/json.go:82.16,84.3 1 0
github.com/jexia/semaphore/pkg/codec/json/json.go:86.18,88.3 1 0
github.com/jexia/semaphore/pkg/codec/json/json.go:92.16,94.3 1 0
github.com/jexia/semaphore/pkg/codec/json/object.go:12.92,21.2 2 34
github.com/jexia/semaphore/pkg/codec/json/object.go:32.65,33.36 1 18
github.com/jexia/semaphore/pkg/codec/json/object.go:33.36,34.36 1 53
github.com/jexia/semaphore/pkg/codec/json/object.go:49.3,49.33 1 32
github.com/jexia/semaphore/pkg/codec/json/object.go:55.3,57.28 2 25
github.com/jexia/semaphore/pkg/codec/json/object.go:71.3,71.17 1 25
github.com/jexia/semaphore/pkg/codec/json/object.go:75.3,75.49 1 9
github.com/jexia/semaphore/pkg/codec/json/object.go:34.36,35.29 1 21
github.com/jexia/semaphore/pkg/codec/json/object.go:39.4,40.18 2 21
github.com/jexia/semaphore/pkg/codec/json/object.go:44.4,46.12 3 4
github.com/jexia/semaphore/pkg/codec/json/object.go:35.29,36.13 1 0
github.com/jexia/semaphore/pkg/codec/json/object.go:40.18,41.13 1 17
github.com/jexia/semaphore/pkg/codec/json/object.go:49.33,52.12 3 7
github.com/jexia/semaphore/pkg/codec/json/object.go:57.28,59.18 2 25
github.com/jexia/semaphore/pkg/codec/json/object.go:59.18,60.51 1 9
github.com/jexia/semaphore/pkg/codec/json/object.go:60.51,62.21 2 0
github.com/jexia/semaphore/pkg/codec/json/object.go:62.21,64.7 1 0
github.com/jexia/semaphore/pkg/codec/json/object.go:65.11,65.32 1 9
github.com/jexia/semaphore/pkg/codec/json/object.go:65.32,67.6 1 9
github.com/jexia/semaphore/pkg/codec/json/object.go:71.17,72.12 1 16
github.com/jexia/semaphore/pkg/codec/json/object.go:80.81,82.10 2 18
github.com/jexia/semaphore/pkg/codec/json/object.go:86.2,86.35 1 18
github.com/jexia/semaphore/pkg/codec/json/object.go:98.2,98.32 1 14
github.com/jexia/semaphore/pkg/codec/json/object.go:104.2,106.29 2 9
github.com/jexia/semaphore/pkg/codec/json/object.go:118.2,119.12 2 9
github.com/jexia/semaphore/pkg/codec/json/object.go:82.10,84.3 1 0
github.com/jexia/semaphore/pkg/codec/json/object.go:86.35,90.17 4 4
github.com/jexia/semaphore/pkg/codec/json/object.go:94.3,95.13 2 4
github.com/jexia/semaphore/pkg/codec/json/object.go:90.17,92.4 1 0
github.com/jexia/semaphore/pkg/codec/json/object.go:98.32,102.3 3 5
github.com/jexia/semaphore/pkg/codec/json/object.go:106.29,111.18 4 1
github.com/jexia/semaphore/pkg/codec/json/object.go:111.18,113.4 1 1
github.com/jexia/semaphore/pkg/codec/json/object.go:114.8,116.3 1 8
github.com/jexia/semaphore/pkg/codec/json/object.go:123.35,125.2 1 16
github.com/jexia/semaphore/pkg/codec/json/object.go:128.36,130.2 1 18
github.com/jexia/semaphore/pkg/codec/json/object.go:133.103,136.26 2 8
github.com/jexia/semaphore/pkg/codec/json/object.go:140.2,146.3 1 8
github.com/jexia/semaphore/pkg/codec/json/object.go:136.26,138.3 1 8
github.com/jexia/semaphore/pkg/codec/json/object.go:159.58,160.36 1 4
github.com/jexia/semaphore/pkg/codec/json/object.go:160.36,161.40 1 8
github.com/jexia/semaphore/pkg/codec/json/object.go:167.3,169.35 2 4
github.com/jexia/semaphore/pkg/codec/json/object.go:180.3,180.17 1 4
github.com/jexia/semaphore/pkg/codec/json/object.go:184.3,184.38 1 4
github.com/jexia/semaphore/pkg/codec/json/object.go:161.40,164.12 3 4
github.com/jexia/semaphore/pkg/codec/json/object.go:169.35,171.64 2 4
github.com/jexia/semaphore/pkg/codec/json/object.go:175.4,175.32 1 4
github.com/jexia/semaphore/pkg/codec/json/object.go:171.64,173.5 1 0
github.com/jexia/semaphore/pkg/codec/json/object.go:175.32,177.5 1 4
github.com/jexia/semaphore/pkg/codec/json/object.go:180.17,181.12 1 0
github.com/jexia/semaphore/pkg/codec/json/object.go:189.66,192.39 2 8
github.com/jexia/semaphore/pkg/codec/json/object.go:199.2,199.63 1 4
github.com/jexia/semaphore/pkg/codec/json/object.go:212.2,216.12 4 2
github.com/jexia/semaphore/pkg/codec/json/object.go:192.39,197.3 4 4
github.com/jexia/semaphore/pkg/codec/json/object.go:199.63,204.18 4 2
github.com/jexia/semaphore/pkg/codec/json/object.go:209.3,209.13 1 2
github.com/jexia/semaphore/pkg/codec/json/object.go:204.18,207.4 2 2
github.com/jexia/semaphore/pkg/codec/json/object.go:220.34,222.2 1 4
github.com/jexia/semaphore/pkg/codec/json/types.go:11.90,12.15 1 24
github.com/jexia/semaphore/pkg/codec/json/types.go:13.20,14.50 1 1
github.com/jexia/semaphore/pkg/codec/json/types.go:15.19,16.46 1 1
github.com/jexia/semaphore/pkg/codec/json/types.go:17.20,18.48 1 1
github.com/jexia/semaphore/pkg/codec/json/types.go:19.21,20.48 1 1
github.com/jexia/semaphore/pkg/codec/json/types.go:21.19,22.46 1 1
github.com/jexia/semaphore/pkg/codec/json/types.go:23.20,24.48 1 1
github.com/jexia/semaphore/pkg/codec/json/types.go:25.21,26.48 1 1
github.com/jexia/semaphore/pkg/codec/json/types.go:27.19,28.50 1 1
github.com/jexia/semaphore/pkg/codec/json/types.go:29.20,30.48 1 9
github.com/jexia/semaphore/pkg/codec/json/types.go:31.18,32.48 1 1
github.com/jexia/semaphore/pkg/codec/json/types.go:33.18,34.44 1 1
github.com/jexia/semaphore/pkg/codec/json/types.go:35.19,36.53 1 1
github.com/jexia/semaphore/pkg/codec/json/types.go:37.22,38.46 1 1
github.com/jexia/semaphore/pkg/codec/json/types.go:39.22,40.46 1 1
github.com/jexia/semaphore/pkg/codec/json/types.go:41.20,42.46 1 1
github.com/jexia/semaphore/pkg/codec/json/types.go:43.20,44.46 1 1
github.com/jexia/semaphore/pkg/codec/json/types.go:49.75,50.15 1 34
github.com/jexia/semaphore/pkg/codec/json/types.go:51.20,52.42 1 2
github.com/jexia/semaphore/pkg/codec/json/types.go:53.19,54.38 1 2
github.com/jexia/semaphore/pkg/codec/json/types.go:55.20,56.40 1 2
github.com/jexia/semaphore/pkg/codec/json/types.go:57.21,58.40 1 2
github.com/jexia/semaphore/pkg/codec/json/types.go:59.19,60.38 1 2
github.com/jexia/semaphore/pkg/codec/json/types.go:61.20,62.40 1 2
github.com/jexia/semaphore/pkg/codec/json/types.go:63.21,64.40 1 2
github.com/jexia/semaphore/pkg/codec/json/types.go:65.19,66.42 1 2
github.com/jexia/semaphore/pkg/codec/json/types.go:67.20,68.40 1 4
github.com/jexia/semaphore/pkg/codec/json/types.go:69.18,70.40 1 2
github.com/jexia/semaphore/pkg/codec/json/types.go:71.18,72.36 1 2
github.com/jexia/semaphore/pkg/codec/json/types.go:73.19,74.45 1 2
github.com/jexia/semaphore/pkg/codec/json/types.go:75.22,76.38 1 2
github.com/jexia/semaphore/pkg/codec/json/types.go:77.22,78.38 1 2
github.com/jexia/semaphore/pkg/codec/json/types.go:79.20,80.38 1 2
github.com/jexia/semaphore/pkg/codec/json/types.go:81.20,82.38 1 2
github.com/jexia/semaphore/pkg/codec/json/types.go:87.70,88.14 1 25
github.com/jexia/semaphore/pkg/codec/json/types.go:154.2,154.12 1 0
github.com/jexia/semaphore/pkg/codec/json/types.go:89.20,92.15 3 1
github.com/jexia/semaphore/pkg/codec/json/types.go:93.19,96.15 3 1
github.com/jexia/semaphore/pkg/codec/json/types.go:97.19,100.15 3 1
github.com/jexia/semaphore/pkg/codec/json/types.go:101.20,104.15 3 1
github.com/jexia/semaphore/pkg/codec/json/types.go:105.21,108.15 3 1
github.com/jexia/semaphore/pkg/codec/json/types.go:109.19,112.15 3 1
github.com/jexia/semaphore/pkg/codec/json/types.go:113.20,116.15 3 1
github.com/jexia/semaphore/pkg/codec/json/types.go:117.21,120.15 3 1
github.com/jexia/semaphore/pkg/codec/json/types.go:121.20,124.15 3 11
github.com/jexia/semaphore/pkg/codec/json/types.go:125.18,128.15 3 1
github.com/jexia/semaphore/pkg/codec/json/types.go:129.19,135.15 5 1
github.com/jexia/semaphore/pkg/codec/json/types.go:136.22,139.15 3 1
github.com/jexia/semaphore/pkg/codec/json/types.go:140.22,143.15 3 1
github.com/jexia/semaphore/pkg/codec/json/types.go:144.20,147.15 3 1
github.com/jexia/semaphore/pkg/codec/json/types.go:148.20,151.15 3 1
github.com/jexia/semaphore/pkg/codec/json/types.go:158.42,159.16 1 16
github.com/jexia/semaphore/pkg/codec/json/types.go:163.2,163.21 1 15
github.com/jexia/semaphore/pkg/codec/json/types.go:159.16,161.3 1 1
github.com/jexia/semaphore/pkg/codec/json/types.go:167.38,168.16 1 3
github.com/jexia/semaphore/pkg/codec/json/types.go:172.2,172.19 1 2
github.com/jexia/semaphore/pkg/codec/json/types.go:168.16,170.3 1 1
github.com/jexia/semaphore/pkg/codec/json/types.go:176.40,177.16 1 9
github.com/jexia/semaphore/pkg/codec/json/types.go:181.2,181.20 1 6
github.com/jexia/semaphore/pkg/codec/json/types.go:177.16,179.3 1 3
github.com/jexia/semaphore/pkg/codec/json/types.go:185.42,186.16 1 3
github.com/jexia/semaphore/pkg/codec/json/types.go:190.2,190.21 1 2
github.com/jexia/semaphore/pkg/codec/json/types.go:186.16,188.3 1 1
github.com/jexia/semaphore/pkg/codec/json/types.go:194.40,195.16 1 9
github.com/jexia/semaphore/pkg/codec/json/types.go:199.2,199.20 1 6
github.com/jexia/semaphore/pkg/codec/json/types.go:195.16,197.3 1 3
github.com/jexia/semaphore/pkg/codec/json/types.go:203.42,204.16 1 9
github.com/jexia/semaphore/pkg/codec/json/types.go:208.2,208.21 1 6
github.com/jexia/semaphore/pkg/codec/json/types.go:204.16,206.3 1 3
github.com/jexia/semaphore/pkg/codec/json/types.go:212.44,213.16 1 3
github.com/jexia/semaphore/pkg/codec/json/types.go:217.2,217.22 1 2
github.com/jexia/semaphore/pkg/codec/json/types.go:213.16,215.3 1 1
github.com/jexia/semaphore/pkg/codec/json/types.go:221.44,222.16 1 3
github.com/jexia/semaphore/pkg/codec/json/types.go:226.2,226.22 1 2
github.com/jexia/semaphore/pkg/codec/json/types.go:222.16,224.3 1 1
github.com/jexia/semaphore/pkg/codec/json/types.go:230.47,231.16 1 3
github.com/jexia/semaphore/pkg/codec/json/types.go:235.2,235.56 1 2
github.com/jexia/semaphore/pkg/codec/json/types.go:231.16,233.3 1 1
github.com/jexia/semaphore/pkg/providers/hcl/services.go:13.94,20.53 3 33
github.com/jexia/semaphore/pkg/providers/hcl/services.go:29.2,29.20 1 33
github.com/jexia/semaphore/pkg/providers/hcl/services.go:20.53,22.17 2 7
github.com/jexia/semaphore/pkg/providers/hcl/services.go:26.3,26.35 1 7
github.com/jexia/semaphore/pkg/providers/hcl/services.go:22.17,24.4 1 0
github.com/jexia/semaphore/pkg/providers/hcl/services.go:33.95,37.16 3 7
github.com/jexia/semaphore/pkg/providers/hcl/services.go:41.2,52.20 2 7
github.com/jexia/semaphore/pkg/providers/hcl/services.go:37.16,39.3 1 0
github.com/jexia/semaphore/pkg/providers/hcl/services.go:56.96,59.39 2 7
github.com/jexia/semaphore/pkg/providers/hcl/services.go:72.2,72.20 1 7
github.com/jexia/semaphore/pkg/providers/hcl/services.go:59.39,70.3 2 6
github.com/jexia/semaphore/pkg/providers/hcl/services.go:76.78,77.20 1 13
github.com/jexia/semaphore/pkg/providers/hcl/services.go:81.2,84.30 3 3
github.com/jexia/semaphore/pkg/providers/hcl/services.go:93.2,93.15 1 3
github.com/jexia/semaphore/pkg/providers/hcl/services.go:77.20,79.3 1 10
github.com/jexia/semaphore/pkg/providers/hcl/services.go:84.30,86.31 2 3
github.com/jexia/semaphore/pkg/providers/hcl/services.go:90.3,90.31 1 3
github.com/jexia/semaphore/pkg/providers/hcl/services.go:86.31,87.12 1 0
github.com/jexia/semaphore/pkg/providers/hcl/specs.go:16.88,24.27 3 31
github.com/jexia/semaphore/pkg/providers/hcl/specs.go:33.2,33.42 1 31
github.com/jexia/semaphore/pkg/providers/hcl/specs.go:42.2,42.43 1 31
github.com/jexia/semaphore/pkg/providers/hcl/specs.go:51.2,51.20 1 31
github.com/jexia/semaphore/pkg/providers/hcl/specs.go:24.27,26.17 2 1
github.com/jexia/semaphore/pkg/providers/hcl/specs.go:30.3,30.22 1 1
github.com/jexia/semaphore/pkg/providers/hcl/specs.go:26.17,28.4 1 0
github.com/jexia/semaphore/pkg/providers/hcl/specs.go:33.42,35.17 2 21
github.com/jexia/semaphore/pkg/providers/hcl/specs.go:39.3,39.29 1 21
github.com/jexia/semaphore/pkg/providers/hcl/specs.go:35.17,37.4 1 0
github.com/jexia/semaphore/pkg/providers/hcl/specs.go:42.43,44.17 2 12
github.com/jexia/semaphore/pkg/providers/hcl/specs.go:48.3,48.30 1 12
github.com/jexia/semaphore/pkg/providers/hcl/specs.go:44.17,46.4 1 0
github.com/jexia/semaphore/pkg/providers/hcl/specs.go:55.96,62.50 3 31
github.com/jexia/semaphore/pkg/providers/hcl/specs.go:66.2,66.20 1 31
github.com/jexia/semaphore/pkg/providers/hcl/specs.go:62.50,64.3 1 4
github.com/jexia/semaphore/pkg/providers/hcl/specs.go:70.89,80.2 3 4
github.com/jexia/semaphore/pkg/providers/hcl/specs.go:83.82,87.16 3 21
github.com/jexia/semaphore/pkg/providers/hcl/specs.go:91.2,92.16 2 21
github.com/jexia/semaphore/pkg/providers/hcl/specs.go:96.2,104.25 2 21
github.com/jexia/semaphore/pkg/providers/hcl/specs.go:113.2,113.23 1 21
github.com/jexia/semaphore/pkg/providers/hcl/specs.go:122.2,123.24 2 21
github.com/jexia/semaphore/pkg/providers/hcl/specs.go:131.2,131.45 1 21
github.com/jexia/semaphore/pkg/providers/hcl/specs.go:140.2,140.46 1 21
github.com/jexia/semaphore/pkg/providers/hcl/specs.go:149.2,149.44 1 21
github.com/jexia/semaphore/pkg/providers/hcl/specs.go:158.2,158.21 1 21
github.com/jexia/semaphore/pkg/providers/hcl/specs.go:87.16,89.3 1 0
github.com/jexia/semaphore/pkg/providers/hcl/specs.go:92.16,94.3 1 0
github.com/jexia/semaphore/pkg/providers/hcl/specs.go:104.25,106.17 2 1
github.com/jexia/semaphore/pkg/providers/hcl/specs.go:110.3,110.24 1 1
github.com/jexia/semaphore/pkg/providers/hcl/specs.go:106.17,108.4 1 0
github.com/jexia/semaphore/pkg/providers/hcl/specs.go:113.23,115.17 2 1
github.com/jexia/semaphore/pkg/providers/hcl/specs.go:119.3,119.33 1 1
github.com/jexia/semaphore/pkg/providers/hcl/specs.go:115.17,117.4 1 0
github.com/jexia/semaphore/pkg/providers/hcl/specs.go:123.24,129.3 4 1
github.com/jexia/semaphore/pkg/providers/hcl/specs.go:131.45,133.17 2 3
github.com/jexia/semaphore/pkg/providers/hcl/specs.go:137.3,137.48 1 3
github.com/jexia/semaphore/pkg/providers/hcl/specs.go:133.17,135.4 1 0
github.com/jexia/semaphore/pkg/providers/hcl/specs.go:140.46,142.17 2 14
github.com/jexia/semaphore/pkg/providers/hcl/specs.go:146.3,146.44 1 14
github.com/jexia/semaphore/pkg/providers/hcl/specs.go:142.17,144.4 1 0
github.com/jexia/semaphore/pkg/providers/hcl/specs.go:149.44,151.17 2 1
github.com/jexia/semaphore/pkg/providers/hcl/specs.go:155.3,155.48 1 1
github.com/jexia/semaphore/pkg/providers/hcl/specs.go:151.17,153.4 1 0
github.com/jexia/semaphore/pkg/providers/hcl/specs.go:162.102,164.37 2 25
github.com/jexia/semaphore/pkg/providers/hcl/specs.go:172.2,172.15 1 25
github.com/jexia/semaphore/pkg/providers/hcl/specs.go:164.37,165.22 1 8
github.com/jexia/semaphore/pkg/providers/hcl/specs.go:169.3,169.20 1 4
github.com/jexia/semaphore/pkg/providers/hcl/specs.go:165.22,166.12 1 4
github.com/jexia/semaphore/pkg/providers/hcl/specs.go:176.62,177.29 1 5
github.com/jexia/semaphore/pkg/providers/hcl/specs.go:177.29,179.3 1 5
github.com/jexia/semaphore/pkg/providers/hcl/specs.go:183.119,184.19 1 21
github.com/jexia/semaphore/pkg/providers/hcl/specs.go:188.2,194.36 2 5
github.com/jexia/semaphore/pkg/providers/hcl/specs.go:203.2,203.27 1 5
github.com/jexia/semaphore/pkg/providers/hcl/specs.go:207.2,207.20 1 5
github.com/jexia/semaphore/pkg/providers/hcl/specs.go:184.19,186.3 1 16
github.com/jexia/semaphore/pkg/providers/hcl/specs.go:194.36,201.3 1 1
github.com/jexia/semaphore/pkg/providers/hcl/specs.go:203.27,205.3 1 1
github.com/jexia/semaphore/pkg/providers/hcl/specs.go:211.86,213.16 2 12
github.com/jexia/semaphore/pkg/providers/hcl/specs.go:217.2,224.24 2 12
github.com/jexia/semaphore/pkg/providers/hcl/specs.go:246.2,246.26 1 12
github.com/jexia/semaphore/pkg/providers/hcl/specs.go:255.2,255.24 1 12
github.com/jexia/semaphore/pkg/providers/hcl/specs.go:264.2,265.25 2 12
github.com/jexia/semaphore/pkg/providers/hcl/specs.go:273.2,273.46 1 12
github.com/jexia/semaphore/pkg/providers/hcl/specs.go:282.2,282.39 1 12
github.com/jexia/semaphore/pkg/providers/hcl/specs.go:291.2,291.45 1 12
github.com/jexia/semaphore/pkg/providers/hcl/specs.go:300.2,300.21 1 12
github.com/jexia/semaphore/pkg/providers/hcl/specs.go:213.16,215.3 1 0
github.com/jexia/semaphore/pkg/providers/hcl/specs.go:224.24,230.33 2 4
github.com/jexia/semaphore/pkg/providers/hcl/specs.go:234.3,234.42 1 4
github.com/jexia/semaphore/pkg/providers/hcl/specs.go:243.3,243.23 1 4
github.com/jexia/semaphore/pkg/providers/hcl/specs.go:230.33,232.4 1 1
github.com/jexia/semaphore/pkg/providers/hcl/specs.go:234.42,241.4 1 1
github.com/jexia/semaphore/pkg/providers/hcl/specs.go:246.26,248.17 2 1
github.com/jexia/semaphore/pkg/providers/hcl/specs.go:252.3,252.24 1 1
github.com/jexia/semaphore/pkg/providers/hcl/specs.go:248.17,250.4 1 0
github.com/jexia/semaphore/pkg/providers/hcl/specs.go:255.24,257.17 2 1
github.com/jexia/semaphore/pkg/providers/hcl/specs.go:261.3,261.33 1 1
github.com/jexia/semaphore/pkg/providers/hcl/specs.go:257.17,259.4 1 0
github.com/jexia/semaphore/pkg/providers/hcl/specs.go:265.25,271.3 4 1
github.com/jexia/semaphore/pkg/providers/hcl/specs.go:273.46,275.17 2 2
github.com/jexia/semaphore/pkg/providers/hcl/specs.go:279.3,279.48 1 2
github.com/jexia/semaphore/pkg/providers/hcl/specs.go:275.17,277.4 1 0
github.com/jexia/semaphore/pkg/providers/hcl/specs.go:282.39,284.17 2 3
github.com/jexia/semaphore/pkg/providers/hcl/specs.go:288.3,288.44 1 3
github.com/jexia/semaphore/pkg/providers/hcl/specs.go:284.17,286.4 1 0
github.com/jexia/semaphore/pkg/providers/hcl/specs.go:291.45,293.17 2 1
github.com/jexia/semaphore/pkg/providers/hcl/specs.go:297.3,297.48 1 1
github.com/jexia/semaphore/pkg/providers/hcl/specs.go:293.17,295.4 1 0
github.com/jexia/semaphore/pkg/providers/hcl/specs.go:304.99,310.25 2 12
github.com/jexia/semaphore/pkg/providers/hcl/specs.go:319.2,319.21 1 12
github.com/jexia/semaphore/pkg/providers/hcl/specs.go:310.25,312.17 2 1
github.com/jexia/semaphore/pkg/providers/hcl/specs.go:316.3,316.33 1 1
github.com/jexia/semaphore/pkg/providers/hcl/specs.go:312.17,314.4 1 0
github.com/jexia/semaphore/pkg/providers/hcl/specs.go:323.109,324.19 1 26
github.com/jexia/semaphore/pkg/providers/hcl/specs.go:328.2,340.26 3 9
github.com/jexia/semaphore/pkg/providers/hcl/specs.go:349.2,349.27 1 9
github.com/jexia/semaphore/pkg/providers/hcl/specs.go:353.2,353.34 1 9
github.com/jexia/semaphore/pkg/providers/hcl/specs.go:362.2,362.39 1 9
github.com/jexia/semaphore/pkg/providers/hcl/specs.go:371.2,371.43 1 9
github.com/jexia/semaphore/pkg/providers/hcl/specs.go:380.2,380.21 1 9
github.com/jexia/semaphore/pkg/providers/hcl/specs.go:324.19,326.3 1 17
github.com/jexia/semaphore/pkg/providers/hcl/specs.go:340.26,342.17 2 1
github.com/jexia/semaphore/pkg/providers/hcl/specs.go:346.3,346.25 1 1
github.com/jexia/semaphore/pkg/providers/hcl/specs.go:342.17,344.4 1 0
github.com/jexia/semaphore/pkg/providers/hcl/specs.go:349.27,351.3 1 0
github.com/jexia/semaphore/pkg/providers/hcl/specs.go:353.34,355.17 2 11
github.com/jexia/semaphore/pkg/providers/hcl/specs.go:359.3,359.46 1 11
github.com/jexia/semaphore/pkg/providers/hcl/specs.go:355.17,357.4 1 0
github.com/jexia/semaphore/pkg/providers/hcl/specs.go:362.39,364.17 2 6
github.com/jexia/semaphore/pkg/providers/hcl/specs.go:368.3,368.48 1 6
github.com/jexia/semaphore/pkg/providers/hcl/specs.go:364.17,366.4 1 0
github.com/jexia/semaphore/pkg/providers/hcl/specs.go:371.43,373.17 2 6
github.com/jexia/semaphore/pkg/providers/hcl/specs.go:377.3,377.50 1 6
github.com/jexia/semaphore/pkg/providers/hcl/specs.go:373.17,375.4 1 0
github.com/jexia/semaphore/pkg/providers/hcl/specs.go:384.129,394.39 3 20
github.com/jexia/semaphore/pkg/providers/hcl/specs.go:403.2,403.43 1 20
github.com/jexia/semaphore/pkg/providers/hcl/specs.go:412.2,412.34 1 20
github.com/jexia/semaphore/pkg/providers/hcl/specs.go:421.2,421.21 1 20
github.com/jexia/semaphore/pkg/providers/hcl/specs.go:394.39,396.17 2 7
github.com/jexia/semaphore/pkg/providers/hcl/specs.go:400.3,400.39 1 7
github.com/jexia/semaphore/pkg/providers/hcl/specs.go:396.17,398.4 1 0
github.com/jexia/semaphore/pkg/providers/hcl/specs.go:403.43,405.17 2 5
github.com/jexia/semaphore/pkg/providers/hcl/specs.go:409.3,409.41 1 5
github.com/jexia/semaphore/pkg/providers/hcl/specs.go:405.17,407.4 1 0
github.com/jexia/semaphore/pkg/providers/hcl/specs.go:412.34,414.17 2 5
github.com/jexia/semaphore/pkg/providers/hcl/specs.go:418.3,418.37 1 5
github.com/jexia/semaphore/pkg/providers/hcl/specs.go:414.17,416.4 1 0
github.com/jexia/semaphore/pkg/providers/hcl/specs.go:425.133,436.39 3 22
github.com/jexia/semaphore/pkg/providers/hcl/specs.go:445.2,445.43 1 22
github.com/jexia/semaphore/pkg/providers/hcl/specs.go:454.2,454.34 1 22
github.com/jexia/semaphore/pkg/providers/hcl/specs.go:463.2,463.21 1 22
github.com/jexia/semaphore/pkg/providers/hcl/specs.go:436.39,438.17 2 5
github.com/jexia/semaphore/pkg/providers/hcl/specs.go:442.3,442.39 1 5
github.com/jexia/semaphore/pkg/providers/hcl/specs.go:438.17,440.4 1 0
github.com/jexia/semaphore/pkg/providers/hcl/specs.go:445.43,447.17 2 8
github.com/jexia/semaphore/pkg/providers/hcl/specs.go:451.3,451.41 1 8
github.com/jexia/semaphore/pkg/providers/hcl/specs.go:447.17,449.4 1 0
github.com/jexia/semaphore/pkg/providers/hcl/specs.go:454.34,456.17 2 7
github.com/jexia/semaphore/pkg/providers/hcl/specs.go:460.3,460.37 1 7
github.com/jexia/semaphore/pkg/providers/hcl/specs.go:456.17,458.4 1 0
github.com/jexia/semaphore/pkg/providers/hcl/specs.go:467.90,471.34 3 4
github.com/jexia/semaphore/pkg/providers/hcl/specs.go:480.2,480.20 1 4
github.com/jexia/semaphore/pkg/providers/hcl/specs.go:471.34,473.17 2 4
github.com/jexia/semaphore/pkg/providers/hcl/specs.go:477.3,477.30 1 4
github.com/jexia/semaphore/pkg/providers/hcl/specs.go:473.17,475.4 1 0
github.com/jexia/semaphore/pkg/providers/hcl/specs.go:484.67,485.20 1 8
github.com/jexia/semaphore/pkg/providers/hcl/specs.go:489.2,492.30 3 8
github.com/jexia/semaphore/pkg/providers/hcl/specs.go:501.2,501.15 1 8
github.com/jexia/semaphore/pkg/providers/hcl/specs.go:485.20,487.3 1 0
github.com/jexia/semaphore/pkg/providers/hcl/specs.go:492.30,494.31 2 6
github.com/jexia/semaphore/pkg/providers/hcl/specs.go:498.3,498.31 1 6
github.com/jexia/semaphore/pkg/providers/hcl/specs.go:494.31,495.12 1 0
github.com/jexia/semaphore/pkg/providers/hcl/specs.go:505.110,506.20 1 6
github.com/jexia/semaphore/pkg/providers/hcl/specs.go:510.2,513.30 3 6
github.com/jexia/semaphore/pkg/providers/hcl/specs.go:522.2,522.20 1 6
github.com/jexia/semaphore/pkg/providers/hcl/specs.go:506.20,508.3 1 0
github.com/jexia/semaphore/pkg/providers/hcl/specs.go:513.30,515.17 2 10
github.com/jexia/semaphore/pkg/providers/hcl/specs.go:519.3,519.25 1 10
github.com/jexia/semaphore/pkg/providers/hcl/specs.go:515.17,517.4 1 0
github.com/jexia/semaphore/pkg/providers/hcl/specs.go:526.123,528.16 2 19
github.com/jexia/semaphore/pkg/providers/hcl/specs.go:532.2,533.16 2 19
github.com/jexia/semaphore/pkg/providers/hcl/specs.go:537.2,547.25 2 19
github.com/jexia/semaphore/pkg/providers/hcl/specs.go:556.2,556.23 1 19
github.com/jexia/semaphore/pkg/providers/hcl/specs.go:565.2,565.44 1 19
github.com/jexia/semaphore/pkg/providers/hcl/specs.go:569.2,569.63 1 19
github.com/jexia/semaphore/pkg/providers/hcl/specs.go:573.2,573.21 1 19
github.com/jexia/semaphore/pkg/providers/hcl/specs.go:528.16,530.3 1 0
github.com/jexia/semaphore/pkg/providers/hcl/specs.go:533.16,535.3 1 0
github.com/jexia/semaphore/pkg/providers/hcl/specs.go:547.25,549.17 2 2
github.com/jexia/semaphore/pkg/providers/hcl/specs.go:553.3,553.24 1 2
github.com/jexia/semaphore/pkg/providers/hcl/specs.go:549.17,551.4 1 0
github.com/jexia/semaphore/pkg/providers/hcl/specs.go:556.23,558.17 2 2
github.com/jexia/semaphore/pkg/providers/hcl/specs.go:562.3,562.33 1 2
github.com/jexia/semaphore/pkg/providers/hcl/specs.go:558.17,560.4 1 0
github.com/jexia/semaphore/pkg/providers/hcl/specs.go:565.44,567.3 1 0
github.com/jexia/semaphore/pkg/providers/hcl/specs.go:569.63,571.3 1 2
github.com/jexia/semaphore/pkg/providers/hcl/specs.go:577.83,578.17 1 38
github.com/jexia/semaphore/pkg/providers/hcl/specs.go:582.2,583.16 2 12
github.com/jexia/semaphore/pkg/providers/hcl/specs.go:587.2,593.21 2 12
github.com/jexia/semaphore/pkg/providers/hcl/specs.go:578.17,580.3 1 26
github.com/jexia/semaphore/pkg/providers/hcl/specs.go:583.16,585.3 1 0
github.com/jexia/semaphore/pkg/providers/hcl/specs.go:597.105,598.19 1 12
github.com/jexia/semaphore/pkg/providers/hcl/specs.go:602.2,611.30 2 12
github.com/jexia/semaphore/pkg/providers/hcl/specs.go:620.2,620.27 1 12
github.com/jexia/semaphore/pkg/providers/hcl/specs.go:624.2,626.26 2 12
github.com/jexia/semaphore/pkg/providers/hcl/specs.go:635.2,635.34 1 12
github.com/jexia/semaphore/pkg/providers/hcl/specs.go:644.2,644.39 1 12
github.com/jexia/semaphore/pkg/providers/hcl/specs.go:653.2,653.43 1 12
github.com/jexia/semaphore/pkg/providers/hcl/specs.go:662.2,662.21 1 12
github.com/jexia/semaphore/pkg/providers/hcl/specs.go:598.19,600.3 1 0
github.com/jexia/semaphore/pkg/providers/hcl/specs.go:611.30,613.17 2 1
github.com/jexia/semaphore/pkg/providers/hcl/specs.go:617.3,617.25 1 1
github.com/jexia/semaphore/pkg/providers/hcl/specs.go:613.17,615.4 1 0
github.com/jexia/semaphore/pkg/providers/hcl/specs.go:620.27,622.3 1 2
github.com/jexia/semaphore/pkg/providers/hcl/specs.go:626.26,628.17 2 2
github.com/jexia/semaphore/pkg/providers/hcl/specs.go:632.3,632.25 1 2
github.com/jexia/semaphore/pkg/providers/hcl/specs.go:628.17,630.4 1 0
github.com/jexia/semaphore/pkg/providers/hcl/specs.go:635.34,637.17 2 2
github.com/jexia/semaphore/pkg/providers/hcl/specs.go:641.3,641.46 1 2
github.com/jexia/semaphore/pkg/providers/hcl/specs.go:637.17,639.4 1 0
github.com/jexia/semaphore/pkg/providers/hcl/specs.go:644.39,646.17 2 2
github.com/jexia/semaphore/pkg/providers/hcl/specs.go:650.3,650.48 1 2
github.com/jexia/semaphore/pkg/providers/hcl/specs.go:646.17,648.4 1 0
github.com/jexia/semaphore/pkg/providers/hcl/specs.go:653.43,655.17 2 3
github.com/jexia/semaphore/pkg/providers/hcl/specs.go:659.3,659.50 1 3
github.com/jexia/semaphore/pkg/providers/hcl/specs.go:655.17,657.4 1 0
github.com/jexia/semaphore/pkg/providers/hcl/specs.go:666.117,667.21 1 45
github.com/jexia/semaphore/pkg/providers/hcl/specs.go:671.2,681.66 4 45
github.com/jexia/semaphore/pkg/providers/hcl/specs.go:686.2,687.16 2 14
github.com/jexia/semaphore/pkg/providers/hcl/specs.go:691.2,692.20 2 14
github.com/jexia/semaphore/pkg/providers/hcl/specs.go:667.21,669.3 1 0
github.com/jexia/semaphore/pkg/providers/hcl/specs.go:681.66,684.3 2 31
github.com/jexia/semaphore/pkg/providers/hcl/specs.go:687.16,689.3 1 0
github.com/jexia/semaphore/pkg/providers/hcl/specs.go:696.152,699.46 2 2
github.com/jexia/semaphore/pkg/providers/hcl/specs.go:708.2,708.40 1 2
github.com/jexia/semaphore/pkg/providers/hcl/specs.go:713.2,713.38 1 2
github.com/jexia/semaphore/pkg/providers/hcl/specs.go:699.46,701.30 2 2
github.com/jexia/semaphore/pkg/providers/hcl/specs.go:705.3,705.61 1 2
github.com/jexia/semaphore/pkg/providers/hcl/specs.go:701.30,703.4 1 2
github.com/jexia/semaphore/pkg/providers/hcl/specs.go:708.40,711.3 2 2
github.com/jexia/semaphore/pkg/providers/hcl/specs.go:717.136,721.29 3 6
github.com/jexia/semaphore/pkg/providers/hcl/specs.go:740.2,740.19 1 6
github.com/jexia/semaphore/pkg/providers/hcl/specs.go:721.29,723.17 2 6
github.com/jexia/semaphore/pkg/providers/hcl/specs.go:727.3,737.30 2 6
github.com/jexia/semaphore/pkg/providers/hcl/specs.go:723.17,725.4 1 0
github.com/jexia/semaphore/pkg/providers/hcl/specs.go:744.136,746.16 2 4
github.com/jexia/semaphore/pkg/providers/hcl/specs.go:750.2,759.50 3 4
github.com/jexia/semaphore/pkg/providers/hcl/specs.go:769.2,769.51 1 4
github.com/jexia/semaphore/pkg/providers/hcl/specs.go:779.2,779.49 1 4
github.com/jexia/semaphore/pkg/providers/hcl/specs.go:789.2,789.20 1 4
github.com/jexia/semaphore/pkg/providers/hcl/specs.go:746.16,748.3 1 0
github.com/jexia/semaphore/pkg/providers/hcl/specs.go:759.50,761.17 2 1
github.com/jexia/semaphore/pkg/providers/hcl/specs.go:765.3,766.37 2 1
github.com/jexia/semaphore/pkg/providers/hcl/specs.go:761.17,763.4 1 0
github.com/jexia/semaphore/pkg/providers/hcl/specs.go:769.51,771.17 2 2
github.com/jexia/semaphore/pkg/providers/hcl/specs.go:775.3,776.32 2 2
github.com/jexia/semaphore/pkg/providers/hcl/specs.go:771.17,773.4 1 0
github.com/jexia/semaphore/pkg/providers/hcl/specs.go:779.49,781.17 2 2
github.com/jexia/semaphore/pkg/providers/hcl/specs.go:785.3,786.36 2 2
github.com/jexia/semaphore/pkg/providers/hcl/specs.go:781.17,783.4 1 0
github.com/jexia/semaphore/pkg/providers/hcl/specs.go:793.95,795.16 2 4
github.com/jexia/semaphore/pkg/providers/hcl/specs.go:799.2,804.26 2 4
github.com/jexia/semaphore/pkg/providers/hcl/specs.go:810.2,810.27 1 4
github.com/jexia/semaphore/pkg/providers/hcl/specs.go:819.2,819.20 1 4
github.com/jexia/semaphore/pkg/providers/hcl/specs.go:795.16,797.3 1 0
github.com/jexia/semaphore/pkg/providers/hcl/specs.go:804.26,808.3 1 2
github.com/jexia/semaphore/pkg/providers/hcl/specs.go:810.27,812.17 2 1
github.com/jexia/semaphore/pkg/providers/hcl/specs.go:816.3,816.25 1 1
github.com/jexia/semaphore/pkg/providers/hcl/specs.go:812.17,814.4 1 0
github.com/jexia/semaphore/pkg/providers/hcl/types.go:13.87,16.22 2 34
github.com/jexia/semaphore/pkg/providers/hcl/types.go:17.18,19.31 2 28
github.com/jexia/semaphore/pkg/providers/hcl/types.go:20.18,25.30 4 5
github.com/jexia/semaphore/pkg/providers/hcl/types.go:26.16,31.29 4 1
github.com/jexia/semaphore/pkg/providers/hcl/utils.go:4.49,5.31 1 3
github.com/jexia/semaphore/pkg/providers/hcl/utils.go:17.2,17.42 1 3
github.com/jexia/semaphore/pkg/providers/hcl/utils.go:21.2,21.15 1 3
github.com/jexia/semaphore/pkg/providers/hcl/utils.go:5.31,6.18 1 6
github.com/jexia/semaphore/pkg/providers/hcl/utils.go:10.3,10.62 1 6
github.com/jexia/semaphore/pkg/providers/hcl/utils.go:14.3,14.18 1 6
github.com/jexia/semaphore/pkg/providers/hcl/utils.go:6.18,7.12 1 0
github.com/jexia/semaphore/pkg/providers/hcl/utils.go:10.62,12.4 1 1
github.com/jexia/semaphore/pkg/providers/hcl/utils.go:17.42,19.3 1 1
github.com/jexia/semaphore/pkg/providers/hcl/hcl.go:24.63,25.71 1 7
github.com/jexia/semaphore/pkg/providers/hcl/hcl.go:25.71,29.17 3 7
github.com/jexia/semaphore/pkg/providers/hcl/hcl.go:33.3,35.46 2 3
github.com/jexia/semaphore/pkg/providers/hcl/hcl.go:44.3,44.23 1 3
github.com/jexia/semaphore/pkg/providers/hcl/hcl.go:29.17,31.4 1 4
github.com/jexia/semaphore/pkg/providers/hcl/hcl.go:35.46,37.18 2 33
github.com/jexia/semaphore/pkg/providers/hcl/hcl.go:41.4,41.30 1 33
github.com/jexia/semaphore/pkg/providers/hcl/hcl.go:37.18,39.5 1 0
github.com/jexia/semaphore/pkg/providers/hcl/hcl.go:49.57,50.68 1 4
github.com/jexia/semaphore/pkg/providers/hcl/hcl.go:50.68,54.17 3 4
github.com/jexia/semaphore/pkg/providers/hcl/hcl.go:58.3,60.46 2 2
github.com/jexia/semaphore/pkg/providers/hcl/hcl.go:69.3,69.20 1 2
github.com/jexia/semaphore/pkg/providers/hcl/hcl.go:54.17,56.4 1 2
github.com/jexia/semaphore/pkg/providers/hcl/hcl.go:60.46,62.18 2 31
github.com/jexia/semaphore/pkg/providers/hcl/hcl.go:66.4,66.27 1 31
github.com/jexia/semaphore/pkg/providers/hcl/hcl.go:62.18,64.5 1 0
github.com/jexia/semaphore/pkg/providers/hcl/hcl.go:74.65,75.72 1 4
github.com/jexia/semaphore/pkg/providers/hcl/hcl.go:75.72,79.17 3 4
github.com/jexia/semaphore/pkg/providers/hcl/hcl.go:83.3,85.46 2 2
github.com/jexia/semaphore/pkg/providers/hcl/hcl.go:94.3,94.24 1 2
github.com/jexia/semaphore/pkg/providers/hcl/hcl.go:79.17,81.4 1 2
github.com/jexia/semaphore/pkg/providers/hcl/hcl.go:85.46,87.18 2 31
github.com/jexia/semaphore/pkg/providers/hcl/hcl.go:91.4,91.31 1 31
github.com/jexia/semaphore/pkg/providers/hcl/hcl.go:87.18,89.5 1 0
github.com/jexia/semaphore/pkg/providers/hcl/hcl.go:99.70,101.16 2 2
github.com/jexia/semaphore/pkg/providers/hcl/hcl.go:105.2,107.41 2 2
github.com/jexia/semaphore/pkg/providers/hcl/hcl.go:133.2,133.21 1 2
github.com/jexia/semaphore/pkg/providers/hcl/hcl.go:101.16,103.3 1 0
github.com/jexia/semaphore/pkg/providers/hcl/hcl.go:107.41,108.32 1 31
github.com/jexia/semaphore/pkg/providers/hcl/hcl.go:112.3,112.39 1 31
github.com/jexia/semaphore/pkg/providers/hcl/hcl.go:116.3,116.29 1 31
github.com/jexia/semaphore/pkg/providers/hcl/hcl.go:120.3,120.29 1 31
github.com/jexia/semaphore/pkg/providers/hcl/hcl.go:124.3,124.32 1 31
github.com/jexia/semaphore/pkg/providers/hcl/hcl.go:128.3,128.35 1 31
github.com/jexia/semaphore/pkg/providers/hcl/hcl.go:108.32,110.4 1 2
github.com/jexia/semaphore/pkg/providers/hcl/hcl.go:112.39,114.4 1 3
github.com/jexia/semaphore/pkg/providers/hcl/hcl.go:116.29,118.4 1 2
github.com/jexia/semaphore/pkg/providers/hcl/hcl.go:120.29,122.4 1 2
github.com/jexia/semaphore/pkg/providers/hcl/hcl.go:124.32,126.4 1 2
github.com/jexia/semaphore/pkg/providers/hcl/hcl.go:128.35,130.4 1 0
github.com/jexia/semaphore/pkg/providers/hcl/hcl.go:145.90,149.16 3 23
github.com/jexia/semaphore/pkg/providers/hcl/hcl.go:153.2,156.16 3 23
github.com/jexia/semaphore/pkg/providers/hcl/hcl.go:160.2,160.21 1 23
github.com/jexia/semaphore/pkg/providers/hcl/hcl.go:164.2,169.29 2 21
github.com/jexia/semaphore/pkg/providers/hcl/hcl.go:211.2,216.23 2 14
github.com/jexia/semaphore/pkg/providers/hcl/hcl.go:149.16,151.3 1 0
github.com/jexia/semaphore/pkg/providers/hcl/hcl.go:156.16,158.3 1 0
github.com/jexia/semaphore/pkg/providers/hcl/hcl.go:160.21,162.3 1 2
github.com/jexia/semaphore/pkg/providers/hcl/hcl.go:169.29,173.17 3 133
github.com/jexia/semaphore/pkg/providers/hcl/hcl.go:177.3,178.17 2 133
github.com/jexia/semaphore/pkg/providers/hcl/hcl.go:182.3,182.37 1 127
github.com/jexia/semaphore/pkg/providers/hcl/hcl.go:192.3,194.46 2 127
github.com/jexia/semaphore/pkg/providers/hcl/hcl.go:173.17,175.4 1 0
github.com/jexia/semaphore/pkg/providers/hcl/hcl.go:178.17,180.4 1 6
github.com/jexia/semaphore/pkg/providers/hcl/hcl.go:182.37,183.54 1 9
github.com/jexia/semaphore/pkg/providers/hcl/hcl.go:183.54,184.31 1 17
github.com/jexia/semaphore/pkg/providers/hcl/hcl.go:188.5,188.43 1 17
github.com/jexia/semaphore/pkg/providers/hcl/hcl.go:184.31,186.6 1 17
github.com/jexia/semaphore/pkg/providers/hcl/hcl.go:194.46,197.32 2 6
github.com/jexia/semaphore/pkg/providers/hcl/hcl.go:201.4,203.18 3 6
github.com/jexia/semaphore/pkg/providers/hcl/hcl.go:207.4,207.45 1 5
github.com/jexia/semaphore/pkg/providers/hcl/hcl.go:197.32,199.5 1 6
github.com/jexia/semaphore/pkg/providers/hcl/hcl.go:203.18,205.5 1 1
github.com/jexia/semaphore/pkg/providers/hcl/hcl.go:221.105,225.16 3 133
github.com/jexia/semaphore/pkg/providers/hcl/hcl.go:229.2,235.23 4 133
github.com/jexia/semaphore/pkg/providers/hcl/hcl.go:239.2,242.23 3 133
github.com/jexia/semaphore/pkg/providers/hcl/hcl.go:246.2,246.22 1 127
github.com/jexia/semaphore/pkg/providers/hcl/hcl.go:225.16,227.3 1 0
github.com/jexia/semaphore/pkg/providers/hcl/hcl.go:235.23,237.3 1 0
github.com/jexia/semaphore/pkg/providers/hcl/hcl.go:242.23,244.3 1 6
github.com/jexia/semaphore/pkg/providers/mock/collect.go:15.59,17.16 2 0
github.com/jexia/semaphore/pkg/providers/mock/collect.go:21.2,22.16 2 0
github.com/jexia/semaphore/pkg/providers/mock/collect.go:26.2,26.24 1 0
github.com/jexia/semaphore/pkg/providers/mock/collect.go:17.16,19.3 1 0
github.com/jexia/semaphore/pkg/providers/mock/collect.go:22.16,24.3 1 0
github.com/jexia/semaphore/pkg/providers/mock/collect.go:30.59,31.69 1 10
github.com/jexia/semaphore/pkg/providers/mock/collect.go:31.69,33.17 2 10
github.com/jexia/semaphore/pkg/providers/mock/collect.go:37.3,38.17 2 10
github.com/jexia/semaphore/pkg/providers/mock/collect.go:42.3,42.41 1 10
github.com/jexia/semaphore/pkg/providers/mock/collect.go:33.17,35.4 1 0
github.com/jexia/semaphore/pkg/providers/mock/collect.go:38.17,40.4 1 0
github.com/jexia/semaphore/pkg/providers/mock/collect.go:47.63,48.71 1 5
github.com/jexia/semaphore/pkg/providers/mock/collect.go:48.71,50.17 2 5
github.com/jexia/semaphore/pkg/providers/mock/collect.go:54.3,55.17 2 5
github.com/jexia/semaphore/pkg/providers/mock/collect.go:59.3,59.42 1 5
github.com/jexia/semaphore/pkg/providers/mock/collect.go:50.17,52.4 1 0
github.com/jexia/semaphore/pkg/providers/mock/collect.go:55.17,57.4 1 0
github.com/jexia/semaphore/pkg/providers/mock/collect.go:64.59,66.16 2 15
github.com/jexia/semaphore/pkg/providers/mock/collect.go:70.2,72.16 3 15
github.com/jexia/semaphore/pkg/providers/mock/collect.go:76.2,76.25 1 15
github.com/jexia/semaphore/pkg/providers/mock/collect.go:66.16,68.3 1 0
github.com/jexia/semaphore/pkg/providers/mock/collect.go:72.16,74.3 1 0
github.com/jexia/semaphore/pkg/providers/mock/mock.go:10.55,12.2 1 0
github.com/jexia/semaphore/pkg/providers/mock/mock.go:29.64,30.48 1 0
github.com/jexia/semaphore/pkg/providers/mock/mock.go:38.2,38.12 1 0
github.com/jexia/semaphore/pkg/providers/mock/mock.go:30.48,31.18 1 0
github.com/jexia/semaphore/pkg/providers/mock/mock.go:35.3,35.35 1 0
github.com/jexia/semaphore/pkg/providers/mock/mock.go:31.18,32.12 1 0
github.com/jexia/semaphore/pkg/providers/mock/mock.go:42.56,45.49 2 10
github.com/jexia/semaphore/pkg/providers/mock/mock.go:49.2,49.15 1 10
github.com/jexia/semaphore/pkg/providers/mock/mock.go:45.49,47.3 1 6
github.com/jexia/semaphore/pkg/providers/mock/mock.go:53.65,54.49 1 0
github.com/jexia/semaphore/pkg/providers/mock/mock.go:62.2,62.12 1 0
github.com/jexia/semaphore/pkg/providers/mock/mock.go:54.49,55.18 1 0
github.com/jexia/semaphore/pkg/providers/mock/mock.go:59.3,59.34 1 0
github.com/jexia/semaphore/pkg/providers/mock/mock.go:55.18,56.12 1 0
github.com/jexia/semaphore/pkg/providers/mock/mock.go:66.57,69.49 2 10
github.com/jexia/semaphore/pkg/providers/mock/mock.go:73.2,73.15 1 10
github.com/jexia/semaphore/pkg/providers/mock/mock.go:69.49,71.3 1 16
github.com/jexia/semaphore/pkg/providers/mock/mock.go:77.57,80.2 2 6
github.com/jexia/semaphore/pkg/providers/mock/mock.go:95.56,96.43 1 0
github.com/jexia/semaphore/pkg/providers/mock/mock.go:104.2,104.12 1 0
github.com/jexia/semaphore/pkg/providers/mock/mock.go:96.43,97.18 1 0
github.com/jexia/semaphore/pkg/providers/mock/mock.go:101.3,101.32 1 0
github.com/jexia/semaphore/pkg/providers/mock/mock.go:97.18,98.12 1 0
github.com/jexia/semaphore/pkg/providers/mock/mock.go:108.48,112.43 3 6
github.com/jexia/semaphore/pkg/providers/mock/mock.go:117.2,117.15 1 6
github.com/jexia/semaphore/pkg/providers/mock/mock.go:112.43,115.3 2 6
github.com/jexia/semaphore/pkg/providers/mock/mock.go:130.53,133.2 2 6
github.com/jexia/semaphore/pkg/providers/mock/mock.go:136.61,139.41 2 46
github.com/jexia/semaphore/pkg/providers/mock/mock.go:143.2,143.17 1 46
github.com/jexia/semaphore/pkg/providers/mock/mock.go:139.41,141.3 1 16
github.com/jexia/semaphore/pkg/providers/mock/mock.go:160.60,162.43 2 14
github.com/jexia/semaphore/pkg/providers/mock/mock.go:166.2,166.15 1 14
github.com/jexia/semaphore/pkg/providers/mock/mock.go:162.43,164.3 1 14
github.com/jexia/semaphore/pkg/providers/mock/specs.go:9.69,14.48 2 10
github.com/jexia/semaphore/pkg/providers/mock/specs.go:18.2,18.40 1 10
github.com/jexia/semaphore/pkg/providers/mock/specs.go:14.48,16.3 1 16
github.com/jexia/semaphore/pkg/providers/mock/specs.go:22.69,34.26 2 30
github.com/jexia/semaphore/pkg/providers/mock/specs.go:53.2,53.28 1 30
github.com/jexia/semaphore/pkg/providers/mock/specs.go:61.2,61.15 1 30
github.com/jexia/semaphore/pkg/providers/mock/specs.go:34.26,41.41 2 2
github.com/jexia/semaphore/pkg/providers/mock/specs.go:41.41,50.4 3 4
github.com/jexia/semaphore/pkg/providers/mock/specs.go:53.28,56.49 2 14
github.com/jexia/semaphore/pkg/providers/mock/specs.go:56.49,58.4 1 14
github.com/jexia/semaphore/pkg/providers/mock/specs.go:65.72,70.55 2 5
github.com/jexia/semaphore/pkg/providers/mock/specs.go:74.2,74.42 1 5
github.com/jexia/semaphore/pkg/providers/mock/specs.go:70.55,72.3 1 3
github.com/jexia/semaphore/pkg/providers/mock/specs.go:78.52,90.50 2 3
github.com/jexia/semaphore/pkg/providers/mock/specs.go:94.2,94.15 1 3
github.com/jexia/semaphore/pkg/providers/mock/specs.go:90.50,92.3 1 3
github.com/jexia/semaphore/pkg/providers/mock/specs.go:98.48,108.2 2 3
github.com/jexia/semaphore/pkg/refs/refs.go:26.43,30.2 1 16
github.com/jexia/semaphore/pkg/refs/refs.go:48.51,50.2 1 1
github.com/jexia/semaphore/pkg/refs/refs.go:53.49,55.2 1 1
github.com/jexia/semaphore/pkg/refs/refs.go:58.43,63.2 1 4
github.com/jexia/semaphore/pkg/refs/refs.go:66.49,68.2 1 4
github.com/jexia/semaphore/pkg/refs/refs.go:72.47,76.2 3 1
github.com/jexia/semaphore/pkg/refs/refs.go:79.55,83.2 3 5
github.com/jexia/semaphore/pkg/refs/refs.go:86.40,90.2 1 18
github.com/jexia/semaphore/pkg/refs/refs.go:98.75,103.2 4 17
github.com/jexia/semaphore/pkg/refs/refs.go:106.67,111.10 5 20
github.com/jexia/semaphore/pkg/refs/refs.go:115.2,115.12 1 20
github.com/jexia/semaphore/pkg/refs/refs.go:111.10,113.3 1 0
github.com/jexia/semaphore/pkg/refs/refs.go:119.94,120.31 1 10
github.com/jexia/semaphore/pkg/refs/refs.go:120.31,123.9 3 10
github.com/jexia/semaphore/pkg/refs/refs.go:128.3,129.9 2 9
github.com/jexia/semaphore/pkg/refs/refs.go:136.3,137.9 2 8
github.com/jexia/semaphore/pkg/refs/refs.go:144.3,145.9 2 5
[...]
github.com/jexia/semaphore/pkg/transport/grpc/caller.go:106.38,107.31 1 5
github.com/jexia/semaphore/pkg/transport/grpc/caller.go:107.31,109.4 1 5
github.com/jexia/semaphore/pkg/transport/grpc/caller.go:116.75,120.24 3 5
github.com/jexia/semaphore/pkg/transport/grpc/caller.go:124.2,125.16 2 5
github.com/jexia/semaphore/pkg/transport/grpc/caller.go:129.2,131.18 2 5
github.com/jexia/semaphore/pkg/transport/grpc/caller.go:120.24,122.3 1 0
github.com/jexia/semaphore/pkg/transport/grpc/caller.go:125.16,127.3 1 0
github.com/jexia/semaphore/pkg/transport/grpc/caller.go:135.123,137.19 2 5
github.com/jexia/semaphore/pkg/transport/grpc/caller.go:141.2,142.16 2 5
github.com/jexia/semaphore/pkg/transport/grpc/caller.go:146.2,151.16 5 5
github.com/jexia/semaphore/pkg/transport/grpc/caller.go:155.2,156.16 2 5
github.com/jexia/semaphore/pkg/transport/grpc/caller.go:160.2,165.16 3 5
github.com/jexia/semaphore/pkg/transport/grpc/caller.go:169.2,170.16 2 5
github.com/jexia/semaphore/pkg/transport/grpc/caller.go:174.2,178.16 4 5
github.com/jexia/semaphore/pkg/transport/grpc/caller.go:186.2,189.12 3 2
github.com/jexia/semaphore/pkg/transport/grpc/caller.go:198.2,198.12 1 2
github.com/jexia/semaphore/pkg/transport/grpc/caller.go:137.19,139.3 1 0
github.com/jexia/semaphore/pkg/transport/grpc/caller.go:142.16,144.3 1 0
github.com/jexia/semaphore/pkg/transport/grpc/caller.go:151.16,153.3 1 0
github.com/jexia/semaphore/pkg/transport/grpc/caller.go:156.16,158.3 1 0
github.com/jexia/semaphore/pkg/transport/grpc/caller.go:165.16,167.3 1 0
github.com/jexia/semaphore/pkg/transport/grpc/caller.go:170.16,172.3 1 0
github.com/jexia/semaphore/pkg/transport/grpc/caller.go:178.16,184.3 5 3
github.com/jexia/semaphore/pkg/transport/grpc/caller.go:189.12,192.17 3 2
github.com/jexia/semaphore/pkg/transport/grpc/caller.go:192.17,194.4 1 0
github.com/jexia/semaphore/pkg/transport/grpc/caller.go:202.33,205.2 2 5
github.com/jexia/semaphore/pkg/transport/grpc/codec.go:13.25,15.2 1 12
github.com/jexia/semaphore/pkg/transport/grpc/codec.go:23.54,25.2 1 12
github.com/jexia/semaphore/pkg/transport/grpc/codec.go:35.59,37.9 2 12
github.com/jexia/semaphore/pkg/transport/grpc/codec.go:40.2,40.25 1 9
github.com/jexia/semaphore/pkg/transport/grpc/codec.go:37.9,39.3 1 3
github.com/jexia/semaphore/pkg/transport/grpc/codec.go:44.64,46.9 2 12
github.com/jexia/semaphore/pkg/transport/grpc/codec.go:49.2,50.12 2 9
github.com/jexia/semaphore/pkg/transport/grpc/codec.go:46.9,48.3 1 3
github.com/jexia/semaphore/pkg/transport/grpc/codec.go:53.36,55.2 1 0
github.com/jexia/semaphore/pkg/transport/grpc/codec.go:60.58,62.2 1 3
github.com/jexia/semaphore/pkg/transport/grpc/codec.go:64.63,66.2 1 3
github.com/jexia/semaphore/pkg/transport/grpc/codec.go:68.35,70.2 1 0
github.com/jexia/semaphore/pkg/transport/grpc/codes.go:10.42,11.14 1 20
github.com/jexia/semaphore/pkg/transport/grpc/codes.go:49.2,49.39 1 0
github.com/jexia/semaphore/pkg/transport/grpc/codes.go:12.16,13.23 1 1
github.com/jexia/semaphore/pkg/transport/grpc/codes.go:14.22,15.35 1 1
github.com/jexia/semaphore/pkg/transport/grpc/codes.go:16.21,17.40 1 1
github.com/jexia/semaphore/pkg/transport/grpc/codes.go:18.29,19.31 1 1
github.com/jexia/semaphore/pkg/transport/grpc/codes.go:20.30,21.35 1 1
github.com/jexia/semaphore/pkg/transport/grpc/codes.go:22.22,23.29 1 1
github.com/jexia/semaphore/pkg/transport/grpc/codes.go:24.27,25.29 1 1
github.com/jexia/semaphore/pkg/transport/grpc/codes.go:26.30,27.30 1 1
github.com/jexia/semaphore/pkg/transport/grpc/codes.go:28.29,29.33 1 1
github.com/jexia/semaphore/pkg/transport/grpc/codes.go:30.31,31.36 1 3
github.com/jexia/semaphore/pkg/transport/grpc/codes.go:32.32,34.31 1 1
github.com/jexia/semaphore/pkg/transport/grpc/codes.go:35.21,36.29 1 1
github.com/jexia/semaphore/pkg/transport/grpc/codes.go:37.24,38.31 1 1
github.com/jexia/semaphore/pkg/transport/grpc/codes.go:39.27,40.35 1 1
github.com/jexia/semaphore/pkg/transport/grpc/codes.go:41.22,42.40 1 2
github.com/jexia/semaphore/pkg/transport/grpc/codes.go:43.25,44.39 1 1
github.com/jexia/semaphore/pkg/transport/grpc/codes.go:45.22,46.40 1 1
github.com/jexia/semaphore/pkg/transport/grpc/codes.go:53.44,54.16 1 15
github.com/jexia/semaphore/pkg/transport/grpc/codes.go:81.2,81.39 1 0
github.com/jexia/semaphore/pkg/transport/grpc/codes.go:55.21,56.18 1 1
github.com/jexia/semaphore/pkg/transport/grpc/codes.go:57.33,58.24 1 1
github.com/jexia/semaphore/pkg/transport/grpc/codes.go:59.29,60.31 1 1
github.com/jexia/semaphore/pkg/transport/grpc/codes.go:61.33,62.32 1 1
github.com/jexia/semaphore/pkg/transport/grpc/codes.go:63.27,64.24 1 1
github.com/jexia/semaphore/pkg/transport/grpc/codes.go:65.27,66.29 1 1
github.com/jexia/semaphore/pkg/transport/grpc/codes.go:67.28,68.32 1 1
github.com/jexia/semaphore/pkg/transport/grpc/codes.go:69.31,70.31 1 1
github.com/jexia/semaphore/pkg/transport/grpc/codes.go:71.34,72.33 1 3
github.com/jexia/semaphore/pkg/transport/grpc/codes.go:73.33,74.29 1 1
github.com/jexia/semaphore/pkg/transport/grpc/codes.go:75.38,76.24 1 2
github.com/jexia/semaphore/pkg/transport/grpc/codes.go:77.37,78.27 1 1
github.com/jexia/semaphore/pkg/transport/http/caller.go:22.38,23.53 1 1
github.com/jexia/semaphore/pkg/transport/http/caller.go:23.53,27.3 1 1
github.com/jexia/semaphore/pkg/transport/http/caller.go:36.37,38.2 1 1
github.com/jexia/semaphore/pkg/transport/http/caller.go:41.124,49.16 4 13
github.com/jexia/semaphore/pkg/transport/http/caller.go:53.2,55.41 2 13
github.com/jexia/semaphore/pkg/transport/http/caller.go:74.2,83.20 2 13
github.com/jexia/semaphore/pkg/transport/http/caller.go:49.16,51.3 1 0
github.com/jexia/semaphore/pkg/transport/http/caller.go:55.41,57.17 2 13
github.com/jexia/semaphore/pkg/transport/http/caller.go:61.3,62.17 2 13
github.com/jexia/semaphore/pkg/transport/http/caller.go:66.3,71.4 1 13
github.com/jexia/semaphore/pkg/transport/http/caller.go:57.17,59.4 1 0
github.com/jexia/semaphore/pkg/transport/http/caller.go:62.17,64.4 1 0
github.com/jexia/semaphore/pkg/transport/http/caller.go:95.40,97.2 1 16
github.com/jexia/semaphore/pkg/transport/http/caller.go:100.54,101.30 1 11
github.com/jexia/semaphore/pkg/transport/http/caller.go:105.2,105.26 1 11
github.com/jexia/semaphore/pkg/transport/http/caller.go:101.30,103.3 1 0
github.com/jexia/semaphore/pkg/transport/http/caller.go:119.51,122.38 2 10
github.com/jexia/semaphore/pkg/transport/http/caller.go:126.2,126.15 1 10
github.com/jexia/semaphore/pkg/transport/http/caller.go:122.38,124.3 1 10
github.com/jexia/semaphore/pkg/transport/http/caller.go:130.59,131.38 1 13
github.com/jexia/semaphore/pkg/transport/http/caller.go:137.2,137.12 1 1
github.com/jexia/semaphore/pkg/transport/http/caller.go:131.38,132.31 1 13
github.com/jexia/semaphore/pkg/transport/http/caller.go:132.31,134.4 1 12
github.com/jexia/semaphore/pkg/transport/http/caller.go:141.123,144.16 3 3
github.com/jexia/semaphore/pkg/transport/http/caller.go:148.2,148.22 1 3
github.com/jexia/semaphore/pkg/transport/http/caller.go:162.2,169.16 3 3
github.com/jexia/semaphore/pkg/transport/http/caller.go:173.2,175.34 2 3
github.com/jexia/semaphore/pkg/transport/http/caller.go:179.2,181.12 2 3
github.com/jexia/semaphore/pkg/transport/http/caller.go:186.2,188.12 2 3
github.com/jexia/semaphore/pkg/transport/http/caller.go:144.16,146.3 1 0
github.com/jexia/semaphore/pkg/transport/http/caller.go:148.22,150.20 2 3
github.com/jexia/semaphore/pkg/transport/http/caller.go:154.3,155.21 2 3
github.com/jexia/semaphore/pkg/transport/http/caller.go:159.3,159.27 1 3
github.com/jexia/semaphore/pkg/transport/http/caller.go:150.20,152.4 1 0
github.com/jexia/semaphore/pkg/transport/http/caller.go:155.21,157.4 1 3
github.com/jexia/semaphore/pkg/transport/http/caller.go:169.16,171.3 1 0
github.com/jexia/semaphore/pkg/transport/http/caller.go:175.34,177.3 1 0
github.com/jexia/semaphore/pkg/transport/http/caller.go:181.12,184.3 2 3
github.com/jexia/semaphore/pkg/transport/http/caller.go:192.33,195.2 2 1
github.com/jexia/semaphore/pkg/transport/http/caller.go:198.72,201.41 2 3
github.com/jexia/semaphore/pkg/transport/http/caller.go:217.2,217.15 1 3
github.com/jexia/semaphore/pkg/transport/http/caller.go:201.41,203.46 2 2
github.com/jexia/semaphore/pkg/transport/http/caller.go:208.3,209.10 2 2
github.com/jexia/semaphore/pkg/transport/http/caller.go:214.3,214.54 1 2
github.com/jexia/semaphore/pkg/transport/http/caller.go:203.46,205.12 2 0
github.com/jexia/semaphore/pkg/transport/http/caller.go:209.10,211.12 2 0
github.com/jexia/semaphore/pkg/transport/http/caller.go:221.94,224.33 3 13
github.com/jexia/semaphore/pkg/transport/http/caller.go:237.2,237.20 1 13
github.com/jexia/semaphore/pkg/transport/http/caller.go:224.33,235.3 3 13
github.com/jexia/semaphore/pkg/transport/http/caller.go:242.70,249.2 4 13
github.com/jexia/semaphore/pkg/transport/http/listener.go:24.73,25.55 1 10
github.com/jexia/semaphore/pkg/transport/http/listener.go:25.55,27.17 2 10
github.com/jexia/semaphore/pkg/transport/http/listener.go:31.3,39.4 1 10
github.com/jexia/semaphore/pkg/transport/http/listener.go:27.17,29.4 1 0
github.com/jexia/semaphore/pkg/transport/http/listener.go:54.41,56.2 1 0
github.com/jexia/semaphore/pkg/transport/http/listener.go:59.47,62.110 2 10
github.com/jexia/semaphore/pkg/transport/http/listener.go:70.2,70.71 1 10
github.com/jexia/semaphore/pkg/transport/http/listener.go:76.2,76.33 1 10
github.com/jexia/semaphore/pkg/transport/http/listener.go:80.2,80.12 1 0
github.com/jexia/semaphore/pkg/transport/http/listener.go:62.110,64.29 2 9
github.com/jexia/semaphore/pkg/transport/http/listener.go:67.3,67.27 1 9
github.com/jexia/semaphore/pkg/transport/http/listener.go:64.29,66.4 1 9
github.com/jexia/semaphore/pkg/transport/http/listener.go:70.71,72.3 1 0
github.com/jexia/semaphore/pkg/transport/http/listener.go:72.8,74.3 1 10
github.com/jexia/semaphore/pkg/transport/http/listener.go:76.33,78.3 1 10
github.com/jexia/semaphore/pkg/transport/http/listener.go:84.132,90.37 4 11
github.com/jexia/semaphore/pkg/transport/http/listener.go:112.2,113.30 2 10
github.com/jexia/semaphore/pkg/transport/http/listener.go:117.2,122.12 5 10
github.com/jexia/semaphore/pkg/transport/http/listener.go:90.37,92.17 2 11
github.com/jexia/semaphore/pkg/transport/http/listener.go:96.3,97.17 2 11
github.com/jexia/semaphore/pkg/transport/http/listener.go:101.3,101.28 1 10
github.com/jexia/semaphore/pkg/transport/http/listener.go:109.3,109.67 1 10
github.com/jexia/semaphore/pkg/transport/http/listener.go:92.17,94.4 1 0
github.com/jexia/semaphore/pkg/transport/http/listener.go:97.17,99.4 1 1
github.com/jexia/semaphore/pkg/transport/http/listener.go:101.28,102.34 1 9
github.com/jexia/semaphore/pkg/transport/http/listener.go:102.34,103.52 1 9
github.com/jexia/semaphore/pkg/transport/http/listener.go:103.52,105.6 1 0
github.com/jexia/semaphore/pkg/transport/http/listener.go:113.30,115.3 1 0
github.com/jexia/semaphore/pkg/transport/http/listener.go:126.41,129.2 2 10
github.com/jexia/semaphore/pkg/transport/http/listener.go:132.67,133.71 1 10
github.com/jexia/semaphore/pkg/transport/http/listener.go:133.71,145.92 9 9
github.com/jexia/semaphore/pkg/transport/http/listener.go:150.3,150.31 1 0
github.com/jexia/semaphore/pkg/transport/http/listener.go:145.92,148.4 2 9
github.com/jexia/semaphore/pkg/transport/http/listener.go:155.154,156.25 1 11
github.com/jexia/semaphore/pkg/transport/http/listener.go:160.2,161.24 2 11
github.com/jexia/semaphore/pkg/transport/http/listener.go:165.2,166.16 2 10
github.com/jexia/semaphore/pkg/transport/http/listener.go:170.2,176.29 2 10
github.com/jexia/semaphore/pkg/transport/http/listener.go:188.2,188.20 1 10
github.com/jexia/semaphore/pkg/transport/http/listener.go:156.25,158.3 1 1
github.com/jexia/semaphore/pkg/transport/http/listener.go:161.24,163.3 1 1
github.com/jexia/semaphore/pkg/transport/http/listener.go:166.16,168.3 1 0
github.com/jexia/semaphore/pkg/transport/http/listener.go:176.29,178.17 2 1
github.com/jexia/semaphore/pkg/transport/http/listener.go:182.3,185.4 1 1
github.com/jexia/semaphore/pkg/transport/http/listener.go:178.17,180.4 1 0
github.com/jexia/semaphore/pkg/transport/http/listener.go:212.94,213.19 1 9
github.com/jexia/semaphore/pkg/transport/http/listener.go:217.2,222.40 4 9
github.com/jexia/semaphore/pkg/transport/http/listener.go:226.2,226.27 1 9
github.com/jexia/semaphore/pkg/transport/http/listener.go:230.2,230.27 1 9
github.com/jexia/semaphore/pkg/transport/http/listener.go:245.2,246.16 2 8
github.com/jexia/semaphore/pkg/transport/http/listener.go:276.2,276.28 1 3
github.com/jexia/semaphore/pkg/transport/http/listener.go:304.2,304.36 1 1
github.com/jexia/semaphore/pkg/transport/http/listener.go:213.19,215.3 1 0
github.com/jexia/semaphore/pkg/transport/http/listener.go:222.40,224.3 1 6
github.com/jexia/semaphore/pkg/transport/http/listener.go:226.27,228.3 1 0
github.com/jexia/semaphore/pkg/transport/http/listener.go:230.27,231.33 1 8
github.com/jexia/semaphore/pkg/transport/http/listener.go:235.3,235.34 1 8
github.com/jexia/semaphore/pkg/transport/http/listener.go:231.33,233.4 1 8
github.com/jexia/semaphore/pkg/transport/http/listener.go:235.34,237.18 2 8
github.com/jexia/semaphore/pkg/transport/http/listener.go:237.18,241.5 3 1
github.com/jexia/semaphore/pkg/transport/http/listener.go:246.16,248.20 2 5
github.com/jexia/semaphore/pkg/transport/http/listener.go:254.3,255.25 2 5
github.com/jexia/semaphore/pkg/transport/http/listener.go:259.3,259.26 1 5
github.com/jexia/semaphore/pkg/transport/http/listener.go:273.3,273.9 1 5
github.com/jexia/semaphore/pkg/transport/http/listener.go:248.20,252.4 3 0
github.com/jexia/semaphore/pkg/transport/http/listener.go:255.25,257.4 1 4
github.com/jexia/semaphore/pkg/transport/http/listener.go:259.26,261.18 2 4
github.com/jexia/semaphore/pkg/transport/http/listener.go:267.4,268.18 2 4
github.com/jexia/semaphore/pkg/transport/http/listener.go:261.18,265.5 3 0
github.com/jexia/semaphore/pkg/transport/http/listener.go:268.18,270.5 1 0
github.com/jexia/semaphore/pkg/transport/http/listener.go:276.28,277.34 1 2
github.com/jexia/semaphore/pkg/transport/http/listener.go:281.3,281.35 1 2
github.com/jexia/semaphore/pkg/transport/http/listener.go:277.34,279.4 1 2
github.com/jexia/semaphore/pkg/transport/http/listener.go:281.35,283.11 2 2
github.com/jexia/semaphore/pkg/transport/http/listener.go:287.4,288.18 2 2
github.com/jexia/semaphore/pkg/transport/http/listener.go:293.4,294.18 2 2
github.com/jexia/semaphore/pkg/transport/http/listener.go:300.4,300.10 1 2
github.com/jexia/semaphore/pkg/transport/http/listener.go:283.11,285.5 1 2
github.com/jexia/semaphore/pkg/transport/http/listener.go:288.18,291.5 2 0
github.com/jexia/semaphore/pkg/transport/http/listener.go:294.18,298.5 3 0
github.com/jexia/semaphore/pkg/transport/http/listener.go:304.36,307.3 2 1
github.com/jexia/semaphore/pkg/transport/http/options.go:49.76,56.9 3 11
github.com/jexia/semaphore/pkg/transport/http/options.go:65.2,66.9 2 11
github.com/jexia/semaphore/pkg/transport/http/options.go:75.2,76.9 2 11
github.com/jexia/semaphore/pkg/transport/http/options.go:80.2,81.9 2 11
github.com/jexia/semaphore/pkg/transport/http/options.go:85.2,85.20 1 11
github.com/jexia/semaphore/pkg/transport/http/options.go:56.9,58.17 2 1
github.com/jexia/semaphore/pkg/transport/http/options.go:62.3,62.32 1 1
github.com/jexia/semaphore/pkg/transport/http/options.go:58.17,60.4 1 0
github.com/jexia/semaphore/pkg/transport/http/options.go:66.9,68.17 2 1
github.com/jexia/semaphore/pkg/transport/http/options.go:72.3,72.33 1 1
github.com/jexia/semaphore/pkg/transport/http/options.go:68.17,70.4 1 0
github.com/jexia/semaphore/pkg/transport/http/options.go:76.9,78.3 1 0
github.com/jexia/semaphore/pkg/transport/http/options.go:81.9,83.3 1 0
github.com/jexia/semaphore/pkg/transport/http/options.go:98.76,107.33 2 12
github.com/jexia/semaphore/pkg/transport/http/options.go:111.2,111.35 1 12
github.com/jexia/semaphore/pkg/transport/http/options.go:115.2,116.9 2 12
github.com/jexia/semaphore/pkg/transport/http/options.go:120.2,121.9 2 12
github.com/jexia/semaphore/pkg/transport/http/options.go:130.2,131.9 2 12
github.com/jexia/semaphore/pkg/transport/http/options.go:140.2,140.20 1 12
github.com/jexia/semaphore/pkg/transport/http/options.go:107.33,109.3 1 12
github.com/jexia/semaphore/pkg/transport/http/options.go:111.35,113.3 1 12
github.com/jexia/semaphore/pkg/transport/http/options.go:116.9,118.3 1 10
github.com/jexia/semaphore/pkg/transport/http/options.go:121.9,123.17 2 1
github.com/jexia/semaphore/pkg/transport/http/options.go:127.3,127.32 1 1
github.com/jexia/semaphore/pkg/transport/http/options.go:123.17,125.4 1 0
github.com/jexia/semaphore/pkg/transport/http/options.go:131.9,133.17 2 1
github.com/jexia/semaphore/pkg/transport/http/options.go:137.3,137.33 1 1
github.com/jexia/semaphore/pkg/transport/http/options.go:133.17,135.4 1 0
github.com/jexia/semaphore/pkg/transport/http/options.go:154.72,163.9 3 14
github.com/jexia/semaphore/pkg/transport/http/options.go:172.2,173.9 2 14
github.com/jexia/semaphore/pkg/transport/http/options.go:177.2,178.9 2 14
github.com/jexia/semaphore/pkg/transport/http/options.go:187.2,188.9 2 14
github.com/jexia/semaphore/pkg/transport/http/options.go:197.2,198.9 2 14
github.com/jexia/semaphore/pkg/transport/http/options.go:207.2,208.9 2 14
github.com/jexia/semaphore/pkg/transport/http/options.go:217.2,217.20 1 14
github.com/jexia/semaphore/pkg/transport/http/options.go:163.9,165.17 2 0
github.com/jexia/semaphore/pkg/transport/http/options.go:169.3,169.24 1 0
github.com/jexia/semaphore/pkg/transport/http/options.go:165.17,167.4 1 0
github.com/jexia/semaphore/pkg/transport/http/options.go:173.9,175.3 1 0
github.com/jexia/semaphore/pkg/transport/http/options.go:178.9,180.17 2 1
github.com/jexia/semaphore/pkg/transport/http/options.go:184.3,184.34 1 1
github.com/jexia/semaphore/pkg/transport/http/options.go:180.17,182.4 1 0
github.com/jexia/semaphore/pkg/transport/http/options.go:188.9,190.17 2 1
github.com/jexia/semaphore/pkg/transport/http/options.go:194.3,194.28 1 1
github.com/jexia/semaphore/pkg/transport/http/options.go:190.17,192.4 1 0
github.com/jexia/semaphore/pkg/transport/http/options.go:198.9,200.17 2 1
github.com/jexia/semaphore/pkg/transport/http/options.go:204.3,204.30 1 1
github.com/jexia/semaphore/pkg/transport/http/options.go:200.17,202.4 1 0
github.com/jexia/semaphore/pkg/transport/http/options.go:208.9,210.17 2 1
github.com/jexia/semaphore/pkg/transport/http/options.go:214.3,214.30 1 1
github.com/jexia/semaphore/pkg/transport/http/options.go:210.17,212.4 1 0
github.com/jexia/semaphore/pkg/transport/http/proxy.go:12.62,14.38 1 13
github.com/jexia/semaphore/pkg/transport/http/proxy.go:14.39,14.40 0 3
github.com/jexia/semaphore/pkg/transport/http/utils.go:14.53,16.32 2 8
github.com/jexia/semaphore/pkg/transport/http/utils.go:20.2,20.15 1 8
github.com/jexia/semaphore/pkg/transport/http/utils.go:16.32,18.3 1 32
github.com/jexia/semaphore/pkg/transport/http/utils.go:24.62,25.33 1 7
github.com/jexia/semaphore/pkg/transport/http/utils.go:25.33,27.3 1 0
github.com/jexia/semaphore/pkg/transport/http/utils.go:31.57,33.31 2 3
github.com/jexia/semaphore/pkg/transport/http/utils.go:37.2,37.15 1 3
github.com/jexia/semaphore/pkg/transport/http/utils.go:33.31,35.3 1 0
github.com/jexia/semaphore/pkg/transport/http/utils.go:41.108,49.2 3 3
github.com/jexia/semaphore/pkg/transport/http/utils.go:64.57,66.2 1 6
github.com/jexia/semaphore/pkg/transport/http/utils.go:69.66,71.2 1 1
github.com/jexia/semaphore/pkg/transport/http/utils.go:75.60,76.20 1 3
github.com/jexia/semaphore/pkg/transport/http/utils.go:76.20,80.3 3 3
github.com/jexia/semaphore/pkg/transport/http/utils.go:84.50,86.2 1 3
github.com/jexia/semaphore/pkg/transport/http/utils.go:89.55,93.2 1 0
github.com/jexia/semaphore/pkg/transport/http/utils.go:96.64,101.2 1 0
github.com/jexia/semaphore/pkg/transport/http/utils.go:113.48,115.2 1 0
github.com/jexia/semaphore/pkg/transport/http/utils.go:118.57,120.2 1 0
github.com/jexia/semaphore/pkg/transport/http/utils.go:124.51,126.2 1 0
